2025-06-28 18:15:43.166 [info] Reading sessions from keychain...
2025-06-28 18:15:43.167 [info] Getting sessions for all scopes...
2025-06-28 18:15:43.167 [info] Getting sessions for all scopes...
2025-06-28 18:15:43.167 [info] Getting sessions for all scopes...
2025-06-28 18:15:43.167 [info] Getting sessions for all scopes...
2025-06-28 18:15:43.167 [info] Getting sessions for all scopes...
2025-06-28 18:15:43.167 [info] Getting sessions for all scopes...
2025-06-28 18:15:43.167 [info] Getting sessions for all scopes...
2025-06-28 18:15:43.167 [info] Getting sessions for all scopes...
2025-06-28 18:15:43.167 [info] Getting sessions for all scopes...
2025-06-28 18:15:43.167 [info] Got stored sessions!
2025-06-28 18:15:43.167 [info] Got 1 verified sessions.
2025-06-28 18:15:43.167 [info] Got 1 sessions for ...
2025-06-28 18:15:43.167 [info] Got 1 sessions for ...
2025-06-28 18:15:43.167 [info] Got 1 sessions for ...
2025-06-28 18:15:43.167 [info] Got 1 sessions for ...
2025-06-28 18:15:43.167 [info] Got 1 sessions for ...
2025-06-28 18:15:43.167 [info] Got 1 sessions for ...
2025-06-28 18:15:43.167 [info] Got 1 sessions for ...
2025-06-28 18:15:43.167 [info] Got 1 sessions for ...
2025-06-28 18:15:43.168 [info] Got 1 sessions for ...
2025-06-28 18:15:43.168 [info] Getting sessions for all scopes...
2025-06-28 18:15:43.168 [info] Got 1 sessions for ...
2025-06-28 18:15:43.168 [info] Getting sessions for all scopes...
2025-06-28 18:15:43.168 [info] Got 1 sessions for ...
2025-06-28 18:15:43.168 [info] Getting sessions for all scopes...
2025-06-28 18:15:43.168 [info] Got 1 sessions for ...
2025-06-28 18:15:43.168 [info] Getting sessions for all scopes...
2025-06-28 18:15:43.168 [info] Got 1 sessions for ...
2025-06-28 18:15:43.168 [info] Getting sessions for all scopes...
2025-06-28 18:15:43.168 [info] Got 1 sessions for ...
2025-06-28 18:15:43.168 [info] Getting sessions for all scopes...
2025-06-28 18:15:43.168 [info] Got 1 sessions for ...
2025-06-28 18:15:43.168 [info] Getting sessions for all scopes...
2025-06-28 18:15:43.168 [info] Got 1 sessions for ...
2025-06-28 18:15:43.168 [info] Getting sessions for all scopes...
2025-06-28 18:15:43.168 [info] Got 1 sessions for ...
2025-06-28 18:15:43.173 [info] Getting sessions for read:user,repo,user:email,workflow...
2025-06-28 18:15:43.174 [info] Got 0 sessions for read:user,repo,user:email,workflow...
2025-06-28 18:15:43.616 [info] Getting sessions for user:email...
2025-06-28 18:15:43.616 [info] Got 1 sessions for user:email...
2025-06-28 18:15:43.807 [info] Getting sessions for read:user,repo,user:email,workflow...
2025-06-28 18:15:43.807 [info] Got 0 sessions for read:user,repo,user:email,workflow...
2025-06-28 18:15:44.065 [info] Getting sessions for all scopes...
2025-06-28 18:15:44.065 [info] Got 1 sessions for ...
2025-06-28 18:15:45.182 [info] Getting sessions for all scopes...
2025-06-28 18:15:45.182 [info] Got 1 sessions for ...
2025-06-28 18:15:45.282 [info] Getting sessions for all scopes...
2025-06-28 18:15:45.282 [info] Got 1 sessions for ...
2025-06-28 18:15:45.421 [info] Getting sessions for read:user,repo,user:email,workflow...
2025-06-28 18:15:45.421 [info] Got 0 sessions for read:user,repo,user:email,workflow...
2025-06-28 18:15:45.839 [info] Getting sessions for user:email...
2025-06-28 18:15:45.840 [info] Got 1 sessions for user:email...
2025-06-28 18:15:52.160 [info] Getting sessions for all scopes...
2025-06-28 18:15:52.160 [info] Got 1 sessions for ...
2025-06-28 18:15:52.161 [info] Getting sessions for all scopes...
2025-06-28 18:15:52.161 [info] Got 1 sessions for ...
2025-06-28 18:15:52.551 [info] Getting sessions for all scopes...
2025-06-28 18:15:52.551 [info] Got 1 sessions for ...
2025-06-28 18:15:52.552 [info] Getting sessions for read:user,repo,user:email,workflow...
2025-06-28 18:15:52.552 [info] Got 0 sessions for read:user,repo,user:email,workflow...
2025-06-28 18:15:52.690 [info] Getting sessions for read:user,repo,user:email,workflow...
2025-06-28 18:15:52.690 [info] Got 0 sessions for read:user,repo,user:email,workflow...
2025-06-28 18:15:52.727 [info] Getting sessions for read:user...
2025-06-28 18:15:52.727 [info] Got 0 sessions for read:user...
2025-06-28 18:15:53.559 [info] Getting sessions for user:email...
2025-06-28 18:15:53.559 [info] Got 1 sessions for user:email...
2025-06-28 18:15:53.628 [info] Getting sessions for user:email...
2025-06-28 18:15:53.628 [info] Got 1 sessions for user:email...
2025-06-28 18:15:54.983 [info] Getting sessions for all scopes...
2025-06-28 18:15:54.983 [info] Got 1 sessions for ...
2025-06-28 18:15:54.984 [info] Getting sessions for all scopes...
2025-06-28 18:15:54.984 [info] Got 1 sessions for ...
2025-06-28 18:15:55.007 [info] Getting sessions for read:user,repo,user:email,workflow...
2025-06-28 18:15:55.007 [info] Got 0 sessions for read:user,repo,user:email,workflow...
2025-06-28 18:15:55.010 [info] Getting sessions for user:email...
2025-06-28 18:15:55.010 [info] Got 1 sessions for user:email...
2025-06-28 18:15:55.010 [info] Getting sessions for read:user,repo,user:email,workflow...
2025-06-28 18:15:55.010 [info] Got 0 sessions for read:user,repo,user:email,workflow...
2025-06-28 18:15:55.015 [info] Getting sessions for all scopes...
2025-06-28 18:15:55.015 [info] Got 1 sessions for ...
2025-06-28 18:15:55.020 [info] Getting sessions for read:user,repo,user:email,workflow...
2025-06-28 18:15:55.020 [info] Got 0 sessions for read:user,repo,user:email,workflow...
2025-06-28 18:15:55.022 [info] Getting sessions for user:email...
2025-06-28 18:15:55.022 [info] Got 1 sessions for user:email...
2025-06-28 18:15:55.231 [info] Getting sessions for all scopes...
2025-06-28 18:15:55.231 [info] Got 1 sessions for ...
2025-06-28 18:15:55.234 [info] Getting sessions for all scopes...
2025-06-28 18:15:55.234 [info] Got 1 sessions for ...
2025-06-28 18:15:55.417 [info] Getting sessions for read:user,repo,user:email,workflow...
2025-06-28 18:15:55.417 [info] Got 0 sessions for read:user,repo,user:email,workflow...
2025-06-28 18:15:55.424 [info] Getting sessions for user:email...
2025-06-28 18:15:55.424 [info] Got 1 sessions for user:email...
2025-06-28 18:15:55.425 [info] Getting sessions for read:user,repo,user:email,workflow...
2025-06-28 18:15:55.425 [info] Got 0 sessions for read:user,repo,user:email,workflow...
2025-06-28 18:15:55.442 [info] Getting sessions for all scopes...
2025-06-28 18:15:55.442 [info] Got 1 sessions for ...
2025-06-28 18:15:55.446 [info] Getting sessions for all scopes...
2025-06-28 18:15:55.446 [info] Got 1 sessions for ...
2025-06-28 18:15:55.446 [info] Getting sessions for all scopes...
2025-06-28 18:15:55.446 [info] Got 1 sessions for ...
2025-06-28 18:15:55.460 [info] Getting sessions for read:user,repo,user:email,workflow...
2025-06-28 18:15:55.460 [info] Got 0 sessions for read:user,repo,user:email,workflow...
2025-06-28 18:15:55.463 [info] Getting sessions for user:email...
2025-06-28 18:15:55.463 [info] Got 1 sessions for user:email...
2025-06-28 18:15:57.098 [info] Getting sessions for all scopes...
2025-06-28 18:15:57.098 [info] Got 1 sessions for ...
2025-06-28 18:15:57.110 [info] Getting sessions for read:user,repo,user:email,workflow...
2025-06-28 18:15:57.110 [info] Got 0 sessions for read:user,repo,user:email,workflow...
2025-06-28 18:15:57.124 [info] Getting sessions for user:email...
2025-06-28 18:15:57.125 [info] Got 1 sessions for user:email...
2025-06-28 18:16:43.052 [info] Getting sessions for all scopes...
2025-06-28 18:16:43.052 [info] Got 1 sessions for ...
2025-06-28 18:16:43.055 [info] Getting sessions for read:user,repo,user:email,workflow...
2025-06-28 18:16:43.055 [info] Got 0 sessions for read:user,repo,user:email,workflow...
2025-06-28 18:16:43.057 [info] Getting sessions for user:email...
2025-06-28 18:16:43.057 [info] Got 1 sessions for user:email...
2025-06-28 18:16:50.584 [info] Getting sessions for all scopes...
2025-06-28 18:16:50.584 [info] Got 1 sessions for ...
2025-06-28 18:16:50.652 [info] Getting sessions for read:user,repo,user:email,workflow...
2025-06-28 18:16:50.652 [info] Got 0 sessions for read:user,repo,user:email,workflow...
2025-06-28 18:16:50.655 [info] Getting sessions for user:email...
2025-06-28 18:16:50.655 [info] Got 1 sessions for user:email...
2025-06-28 18:16:50.885 [info] Getting sessions for all scopes...
2025-06-28 18:16:50.885 [info] Got 1 sessions for ...
2025-06-28 18:16:50.922 [info] Getting sessions for read:user,repo,user:email,workflow...
2025-06-28 18:16:50.922 [info] Got 0 sessions for read:user,repo,user:email,workflow...
2025-06-28 18:16:50.925 [info] Getting sessions for user:email...
2025-06-28 18:16:50.925 [info] Got 1 sessions for user:email...
2025-06-28 18:16:55.817 [info] Getting sessions for all scopes...
2025-06-28 18:16:55.817 [info] Got 1 sessions for ...
2025-06-28 18:16:55.937 [info] Getting sessions for read:user,repo,user:email,workflow...
2025-06-28 18:16:55.937 [info] Got 0 sessions for read:user,repo,user:email,workflow...
2025-06-28 18:16:56.029 [info] Getting sessions for user:email...
2025-06-28 18:16:56.029 [info] Got 1 sessions for user:email...
2025-06-28 18:16:57.285 [info] Getting sessions for all scopes...
2025-06-28 18:16:57.285 [info] Got 1 sessions for ...
2025-06-28 18:16:57.288 [info] Getting sessions for read:user,repo,user:email,workflow...
2025-06-28 18:16:57.288 [info] Got 0 sessions for read:user,repo,user:email,workflow...
2025-06-28 18:16:57.290 [info] Getting sessions for user:email...
2025-06-28 18:16:57.290 [info] Got 1 sessions for user:email...
2025-06-28 18:17:00.411 [info] Getting sessions for all scopes...
2025-06-28 18:17:00.411 [info] Got 1 sessions for ...
2025-06-28 18:17:00.439 [info] Getting sessions for read:user,repo,user:email,workflow...
2025-06-28 18:17:00.439 [info] Got 0 sessions for read:user,repo,user:email,workflow...
2025-06-28 18:17:00.442 [info] Getting sessions for user:email...
2025-06-28 18:17:00.442 [info] Got 1 sessions for user:email...
2025-06-28 18:17:34.268 [info] Getting sessions for all scopes...
2025-06-28 18:17:34.268 [info] Got 1 sessions for ...
2025-06-28 18:17:34.277 [info] Getting sessions for read:user,repo,user:email,workflow...
2025-06-28 18:17:34.277 [info] Got 0 sessions for read:user,repo,user:email,workflow...
2025-06-28 18:17:34.282 [info] Getting sessions for user:email...
2025-06-28 18:17:34.282 [info] Got 1 sessions for user:email...
2025-06-28 18:17:37.868 [info] Getting sessions for all scopes...
2025-06-28 18:17:37.868 [info] Got 1 sessions for ...
2025-06-28 18:17:37.968 [info] Getting sessions for read:user,repo,user:email,workflow...
2025-06-28 18:17:37.968 [info] Got 0 sessions for read:user,repo,user:email,workflow...
2025-06-28 18:17:37.971 [info] Getting sessions for user:email...
2025-06-28 18:17:37.972 [info] Got 1 sessions for user:email...
2025-06-28 18:17:38.623 [info] Getting sessions for all scopes...
2025-06-28 18:17:38.623 [info] Got 1 sessions for ...
2025-06-28 18:17:38.625 [info] Getting sessions for read:user,repo,user:email,workflow...
2025-06-28 18:17:38.625 [info] Got 0 sessions for read:user,repo,user:email,workflow...
2025-06-28 18:17:38.628 [info] Getting sessions for user:email...
2025-06-28 18:17:38.628 [info] Got 1 sessions for user:email...
2025-06-28 18:18:01.894 [info] Getting sessions for all scopes...
2025-06-28 18:18:01.894 [info] Got 1 sessions for ...
2025-06-28 18:18:02.047 [info] Getting sessions for read:user,repo,user:email,workflow...
2025-06-28 18:18:02.047 [info] Got 0 sessions for read:user,repo,user:email,workflow...
2025-06-28 18:18:02.049 [info] Getting sessions for user:email...
2025-06-28 18:18:02.049 [info] Got 1 sessions for user:email...
2025-06-28 18:18:02.236 [info] Getting sessions for all scopes...
2025-06-28 18:18:02.236 [info] Got 1 sessions for ...
2025-06-28 18:18:02.260 [info] Getting sessions for read:user,repo,user:email,workflow...
2025-06-28 18:18:02.260 [info] Got 0 sessions for read:user,repo,user:email,workflow...
2025-06-28 18:18:02.263 [info] Getting sessions for user:email...
2025-06-28 18:18:02.263 [info] Got 1 sessions for user:email...
2025-06-28 18:18:06.126 [info] Getting sessions for all scopes...
2025-06-28 18:18:06.126 [info] Got 1 sessions for ...
2025-06-28 18:18:06.174 [info] Getting sessions for read:user,repo,user:email,workflow...
2025-06-28 18:18:06.174 [info] Got 0 sessions for read:user,repo,user:email,workflow...
2025-06-28 18:18:06.190 [info] Getting sessions for user:email...
2025-06-28 18:18:06.190 [info] Got 1 sessions for user:email...
2025-06-28 18:18:07.407 [info] Getting sessions for all scopes...
2025-06-28 18:18:07.407 [info] Got 1 sessions for ...
2025-06-28 18:18:07.421 [info] Getting sessions for read:user,repo,user:email,workflow...
2025-06-28 18:18:07.421 [info] Got 0 sessions for read:user,repo,user:email,workflow...
2025-06-28 18:18:07.424 [info] Getting sessions for user:email...
2025-06-28 18:18:07.424 [info] Got 1 sessions for user:email...
2025-06-28 18:18:10.247 [info] Getting sessions for all scopes...
2025-06-28 18:18:10.248 [info] Got 1 sessions for ...
2025-06-28 18:18:10.282 [info] Getting sessions for read:user,repo,user:email,workflow...
2025-06-28 18:18:10.282 [info] Got 0 sessions for read:user,repo,user:email,workflow...
2025-06-28 18:18:10.285 [info] Getting sessions for user:email...
2025-06-28 18:18:10.285 [info] Got 1 sessions for user:email...
2025-06-28 18:18:11.561 [info] Getting sessions for all scopes...
2025-06-28 18:18:11.561 [info] Got 1 sessions for ...
2025-06-28 18:18:11.567 [info] Getting sessions for read:user,repo,user:email,workflow...
2025-06-28 18:18:11.567 [info] Got 0 sessions for read:user,repo,user:email,workflow...
2025-06-28 18:18:11.569 [info] Getting sessions for user:email...
2025-06-28 18:18:11.569 [info] Got 1 sessions for user:email...
2025-06-28 18:18:15.350 [info] Getting sessions for all scopes...
2025-06-28 18:18:15.350 [info] Got 1 sessions for ...
2025-06-28 18:18:15.415 [info] Getting sessions for read:user,repo,user:email,workflow...
2025-06-28 18:18:15.416 [info] Got 0 sessions for read:user,repo,user:email,workflow...
2025-06-28 18:18:15.418 [info] Getting sessions for user:email...
2025-06-28 18:18:15.418 [info] Got 1 sessions for user:email...
2025-06-28 18:18:16.734 [info] Getting sessions for all scopes...
2025-06-28 18:18:16.734 [info] Got 1 sessions for ...
2025-06-28 18:18:16.738 [info] Getting sessions for read:user,repo,user:email,workflow...
2025-06-28 18:18:16.738 [info] Got 0 sessions for read:user,repo,user:email,workflow...
2025-06-28 18:18:16.740 [info] Getting sessions for user:email...
2025-06-28 18:18:16.741 [info] Got 1 sessions for user:email...
2025-06-28 18:18:19.551 [info] Getting sessions for all scopes...
2025-06-28 18:18:19.551 [info] Got 1 sessions for ...
2025-06-28 18:18:19.573 [info] Getting sessions for read:user,repo,user:email,workflow...
2025-06-28 18:18:19.573 [info] Got 0 sessions for read:user,repo,user:email,workflow...
2025-06-28 18:18:19.576 [info] Getting sessions for user:email...
2025-06-28 18:18:19.576 [info] Got 1 sessions for user:email...
2025-06-28 18:18:20.826 [info] Getting sessions for all scopes...
2025-06-28 18:18:20.826 [info] Got 1 sessions for ...
2025-06-28 18:18:20.839 [info] Getting sessions for read:user,repo,user:email,workflow...
2025-06-28 18:18:20.839 [info] Got 0 sessions for read:user,repo,user:email,workflow...
2025-06-28 18:18:20.844 [info] Getting sessions for user:email...
2025-06-28 18:18:20.844 [info] Got 1 sessions for user:email...
2025-06-28 18:18:24.225 [info] Getting sessions for all scopes...
2025-06-28 18:18:24.225 [info] Got 1 sessions for ...
2025-06-28 18:18:24.266 [info] Getting sessions for read:user,repo,user:email,workflow...
2025-06-28 18:18:24.267 [info] Got 0 sessions for read:user,repo,user:email,workflow...
2025-06-28 18:18:24.282 [info] Getting sessions for user:email...
2025-06-28 18:18:24.282 [info] Got 1 sessions for user:email...
2025-06-28 18:18:25.555 [info] Getting sessions for all scopes...
2025-06-28 18:18:25.555 [info] Got 1 sessions for ...
2025-06-28 18:18:25.560 [info] Getting sessions for read:user,repo,user:email,workflow...
2025-06-28 18:18:25.560 [info] Got 0 sessions for read:user,repo,user:email,workflow...
2025-06-28 18:18:25.562 [info] Getting sessions for user:email...
2025-06-28 18:18:25.562 [info] Got 1 sessions for user:email...
2025-06-28 18:18:28.793 [info] Getting sessions for all scopes...
2025-06-28 18:18:28.793 [info] Got 1 sessions for ...
2025-06-28 18:18:28.806 [info] Getting sessions for read:user,repo,user:email,workflow...
2025-06-28 18:18:28.806 [info] Got 0 sessions for read:user,repo,user:email,workflow...
2025-06-28 18:18:28.809 [info] Getting sessions for user:email...
2025-06-28 18:18:28.809 [info] Got 1 sessions for user:email...
