2025-06-28 17:16:14.627 [info] Reading sessions from keychain...
2025-06-28 17:16:14.627 [info] Getting sessions for all scopes...
2025-06-28 17:16:14.627 [info] Getting sessions for all scopes...
2025-06-28 17:16:14.627 [info] Getting sessions for all scopes...
2025-06-28 17:16:14.627 [info] Getting sessions for all scopes...
2025-06-28 17:16:14.627 [info] Getting sessions for all scopes...
2025-06-28 17:16:14.627 [info] Getting sessions for all scopes...
2025-06-28 17:16:14.627 [info] Getting sessions for all scopes...
2025-06-28 17:16:14.627 [info] Got stored sessions!
2025-06-28 17:16:14.627 [info] Got 1 verified sessions.
2025-06-28 17:16:14.627 [info] Got 1 sessions for ...
2025-06-28 17:16:14.627 [info] Got 1 sessions for ...
2025-06-28 17:16:14.627 [info] Got 1 sessions for ...
2025-06-28 17:16:14.627 [info] Got 1 sessions for ...
2025-06-28 17:16:14.627 [info] Got 1 sessions for ...
2025-06-28 17:16:14.627 [info] Got 1 sessions for ...
2025-06-28 17:16:14.627 [info] Got 1 sessions for ...
2025-06-28 17:16:14.627 [info] Getting sessions for all scopes...
2025-06-28 17:16:14.627 [info] Got 1 sessions for ...
2025-06-28 17:16:14.627 [info] Getting sessions for all scopes...
2025-06-28 17:16:14.627 [info] Got 1 sessions for ...
2025-06-28 17:16:14.627 [info] Getting sessions for all scopes...
2025-06-28 17:16:14.627 [info] Got 1 sessions for ...
2025-06-28 17:16:14.627 [info] Getting sessions for all scopes...
2025-06-28 17:16:14.627 [info] Got 1 sessions for ...
2025-06-28 17:16:14.627 [info] Getting sessions for all scopes...
2025-06-28 17:16:14.627 [info] Got 1 sessions for ...
2025-06-28 17:16:14.627 [info] Getting sessions for all scopes...
2025-06-28 17:16:14.627 [info] Got 1 sessions for ...
2025-06-28 17:16:14.627 [info] Getting sessions for all scopes...
2025-06-28 17:16:14.627 [info] Got 1 sessions for ...
2025-06-28 17:16:14.627 [info] Getting sessions for all scopes...
2025-06-28 17:16:14.627 [info] Got 1 sessions for ...
2025-06-28 17:16:14.627 [info] Getting sessions for all scopes...
2025-06-28 17:16:14.627 [info] Got 1 sessions for ...
2025-06-28 17:16:14.627 [info] Getting sessions for all scopes...
2025-06-28 17:16:14.627 [info] Got 1 sessions for ...
2025-06-28 17:16:15.169 [info] Getting sessions for read:user,repo,user:email,workflow...
2025-06-28 17:16:15.174 [info] Got 0 sessions for read:user,repo,user:email,workflow...
2025-06-28 17:16:17.565 [info] Getting sessions for all scopes...
2025-06-28 17:16:17.565 [info] Got 1 sessions for ...
2025-06-28 17:16:26.508 [info] Getting sessions for user:email...
2025-06-28 17:16:26.508 [info] Got 1 sessions for user:email...
2025-06-28 17:16:26.509 [info] Getting sessions for read:user,repo,user:email,workflow...
2025-06-28 17:16:26.509 [info] Got 0 sessions for read:user,repo,user:email,workflow...
2025-06-28 17:16:27.158 [info] Getting sessions for all scopes...
2025-06-28 17:16:27.158 [info] Got 1 sessions for ...
2025-06-28 17:16:27.790 [info] Getting sessions for all scopes...
2025-06-28 17:16:27.790 [info] Got 1 sessions for ...
2025-06-28 17:16:27.791 [info] Getting sessions for all scopes...
2025-06-28 17:16:27.791 [info] Got 1 sessions for ...
2025-06-28 17:16:27.795 [info] Getting sessions for all scopes...
2025-06-28 17:16:27.795 [info] Got 1 sessions for ...
2025-06-28 17:16:27.796 [info] Getting sessions for read:user,repo,user:email,workflow...
2025-06-28 17:16:27.796 [info] Got 0 sessions for read:user,repo,user:email,workflow...
2025-06-28 17:16:28.076 [info] Getting sessions for read:user,repo,user:email,workflow...
2025-06-28 17:16:28.076 [info] Got 0 sessions for read:user,repo,user:email,workflow...
2025-06-28 17:16:28.077 [info] Getting sessions for read:user...
2025-06-28 17:16:28.077 [info] Got 0 sessions for read:user...
2025-06-28 17:16:29.042 [info] Getting sessions for user:email...
2025-06-28 17:16:29.042 [info] Got 1 sessions for user:email...
2025-06-28 17:16:29.043 [info] Getting sessions for user:email...
2025-06-28 17:16:29.043 [info] Got 1 sessions for user:email...
2025-06-28 17:16:30.216 [info] Getting sessions for all scopes...
2025-06-28 17:16:30.216 [info] Got 1 sessions for ...
2025-06-28 17:16:30.217 [info] Getting sessions for all scopes...
2025-06-28 17:16:30.217 [info] Got 1 sessions for ...
2025-06-28 17:16:30.219 [info] Getting sessions for read:user,repo,user:email,workflow...
2025-06-28 17:16:30.219 [info] Got 0 sessions for read:user,repo,user:email,workflow...
2025-06-28 17:16:30.222 [info] Getting sessions for user:email...
2025-06-28 17:16:30.222 [info] Got 1 sessions for user:email...
2025-06-28 17:16:30.223 [info] Getting sessions for read:user,repo,user:email,workflow...
2025-06-28 17:16:30.223 [info] Got 0 sessions for read:user,repo,user:email,workflow...
2025-06-28 17:16:30.228 [info] Getting sessions for all scopes...
2025-06-28 17:16:30.228 [info] Got 1 sessions for ...
2025-06-28 17:16:30.231 [info] Getting sessions for read:user,repo,user:email,workflow...
2025-06-28 17:16:30.231 [info] Got 0 sessions for read:user,repo,user:email,workflow...
2025-06-28 17:16:30.234 [info] Getting sessions for user:email...
2025-06-28 17:16:30.234 [info] Got 1 sessions for user:email...
2025-06-28 17:16:30.427 [info] Getting sessions for all scopes...
2025-06-28 17:16:30.427 [info] Got 1 sessions for ...
2025-06-28 17:16:30.427 [info] Getting sessions for all scopes...
2025-06-28 17:16:30.427 [info] Got 1 sessions for ...
2025-06-28 17:16:30.431 [info] Getting sessions for read:user,repo,user:email,workflow...
2025-06-28 17:16:30.431 [info] Got 0 sessions for read:user,repo,user:email,workflow...
2025-06-28 17:16:30.433 [info] Getting sessions for user:email...
2025-06-28 17:16:30.433 [info] Got 1 sessions for user:email...
2025-06-28 17:16:30.434 [info] Getting sessions for read:user,repo,user:email,workflow...
2025-06-28 17:16:30.434 [info] Got 0 sessions for read:user,repo,user:email,workflow...
2025-06-28 17:16:30.447 [info] Getting sessions for all scopes...
2025-06-28 17:16:30.447 [info] Got 1 sessions for ...
2025-06-28 17:16:30.452 [info] Getting sessions for all scopes...
2025-06-28 17:16:30.452 [info] Got 1 sessions for ...
2025-06-28 17:16:30.453 [info] Getting sessions for all scopes...
2025-06-28 17:16:30.453 [info] Got 1 sessions for ...
2025-06-28 17:16:30.457 [info] Getting sessions for read:user,repo,user:email,workflow...
2025-06-28 17:16:30.458 [info] Got 0 sessions for read:user,repo,user:email,workflow...
2025-06-28 17:16:30.461 [info] Getting sessions for user:email...
2025-06-28 17:16:30.461 [info] Got 1 sessions for user:email...
2025-06-28 17:16:32.677 [info] Getting sessions for all scopes...
2025-06-28 17:16:32.677 [info] Got 1 sessions for ...
2025-06-28 17:16:32.763 [info] Getting sessions for read:user,repo,user:email,workflow...
2025-06-28 17:16:32.763 [info] Got 0 sessions for read:user,repo,user:email,workflow...
2025-06-28 17:16:32.765 [info] Getting sessions for user:email...
2025-06-28 17:16:32.766 [info] Got 1 sessions for user:email...
