2025-06-28 18:10:00.258 [info] Reading sessions from keychain...
2025-06-28 18:10:00.258 [info] Getting sessions for all scopes...
2025-06-28 18:10:00.258 [info] Getting sessions for all scopes...
2025-06-28 18:10:00.258 [info] Getting sessions for all scopes...
2025-06-28 18:10:00.258 [info] Getting sessions for all scopes...
2025-06-28 18:10:00.258 [info] Getting sessions for all scopes...
2025-06-28 18:10:00.258 [info] Getting sessions for all scopes...
2025-06-28 18:10:00.258 [info] Getting sessions for all scopes...
2025-06-28 18:10:00.258 [info] Got stored sessions!
2025-06-28 18:10:00.258 [info] Got 1 verified sessions.
2025-06-28 18:10:00.258 [info] Got 1 sessions for ...
2025-06-28 18:10:00.258 [info] Got 1 sessions for ...
2025-06-28 18:10:00.258 [info] Got 1 sessions for ...
2025-06-28 18:10:00.258 [info] Got 1 sessions for ...
2025-06-28 18:10:00.258 [info] Got 1 sessions for ...
2025-06-28 18:10:00.258 [info] Got 1 sessions for ...
2025-06-28 18:10:00.258 [info] Got 1 sessions for ...
2025-06-28 18:10:00.258 [info] Getting sessions for all scopes...
2025-06-28 18:10:00.258 [info] Got 1 sessions for ...
2025-06-28 18:10:00.258 [info] Getting sessions for all scopes...
2025-06-28 18:10:00.258 [info] Got 1 sessions for ...
2025-06-28 18:10:00.258 [info] Getting sessions for all scopes...
2025-06-28 18:10:00.258 [info] Got 1 sessions for ...
2025-06-28 18:10:00.258 [info] Getting sessions for all scopes...
2025-06-28 18:10:00.258 [info] Got 1 sessions for ...
2025-06-28 18:10:00.258 [info] Getting sessions for all scopes...
2025-06-28 18:10:00.258 [info] Got 1 sessions for ...
2025-06-28 18:10:00.258 [info] Getting sessions for all scopes...
2025-06-28 18:10:00.258 [info] Got 1 sessions for ...
2025-06-28 18:10:00.258 [info] Getting sessions for all scopes...
2025-06-28 18:10:00.258 [info] Got 1 sessions for ...
2025-06-28 18:10:00.258 [info] Getting sessions for all scopes...
2025-06-28 18:10:00.259 [info] Got 1 sessions for ...
2025-06-28 18:10:00.259 [info] Getting sessions for read:user,repo,user:email,workflow...
2025-06-28 18:10:00.259 [info] Got 0 sessions for read:user,repo,user:email,workflow...
2025-06-28 18:10:00.535 [info] Getting sessions for user:email...
2025-06-28 18:10:00.535 [info] Got 1 sessions for user:email...
2025-06-28 18:10:00.536 [info] Getting sessions for read:user,repo,user:email,workflow...
2025-06-28 18:10:00.536 [info] Got 0 sessions for read:user,repo,user:email,workflow...
2025-06-28 18:10:00.670 [info] Getting sessions for all scopes...
2025-06-28 18:10:00.670 [info] Got 1 sessions for ...
2025-06-28 18:10:00.721 [info] Getting sessions for read:user,repo,user:email,workflow...
2025-06-28 18:10:00.721 [info] Got 0 sessions for read:user,repo,user:email,workflow...
2025-06-28 18:10:00.762 [info] Getting sessions for user:email...
2025-06-28 18:10:00.762 [info] Got 1 sessions for user:email...
2025-06-28 18:10:00.771 [info] Getting sessions for all scopes...
2025-06-28 18:10:00.771 [info] Got 1 sessions for ...
2025-06-28 18:10:00.774 [info] Getting sessions for read:user,repo,user:email,workflow...
2025-06-28 18:10:00.774 [info] Got 0 sessions for read:user,repo,user:email,workflow...
2025-06-28 18:10:00.777 [info] Getting sessions for user:email...
2025-06-28 18:10:00.777 [info] Got 1 sessions for user:email...
2025-06-28 18:10:06.884 [info] Getting sessions for all scopes...
2025-06-28 18:10:06.884 [info] Got 1 sessions for ...
2025-06-28 18:10:06.910 [info] Getting sessions for all scopes...
2025-06-28 18:10:06.910 [info] Got 1 sessions for ...
2025-06-28 18:10:06.949 [info] Getting sessions for all scopes...
2025-06-28 18:10:06.949 [info] Got 1 sessions for ...
2025-06-28 18:10:07.468 [info] Getting sessions for all scopes...
2025-06-28 18:10:07.468 [info] Got 1 sessions for ...
2025-06-28 18:10:07.509 [info] Getting sessions for all scopes...
2025-06-28 18:10:07.509 [info] Got 1 sessions for ...
2025-06-28 18:10:07.510 [info] Getting sessions for all scopes...
2025-06-28 18:10:07.510 [info] Got 1 sessions for ...
2025-06-28 18:10:07.838 [info] Getting sessions for read:user,repo,user:email,workflow...
2025-06-28 18:10:07.838 [info] Got 0 sessions for read:user,repo,user:email,workflow...
2025-06-28 18:10:08.501 [info] Getting sessions for read:user,repo,user:email,workflow...
2025-06-28 18:10:08.501 [info] Got 0 sessions for read:user,repo,user:email,workflow...
2025-06-28 18:10:08.568 [info] Getting sessions for read:user...
2025-06-28 18:10:08.568 [info] Got 0 sessions for read:user...
2025-06-28 18:10:09.459 [info] Getting sessions for user:email...
2025-06-28 18:10:09.459 [info] Got 1 sessions for user:email...
2025-06-28 18:10:09.534 [info] Getting sessions for user:email...
2025-06-28 18:10:09.534 [info] Got 1 sessions for user:email...
2025-06-28 18:10:09.608 [info] Getting sessions for all scopes...
2025-06-28 18:10:09.608 [info] Got 1 sessions for ...
2025-06-28 18:10:09.780 [info] Getting sessions for all scopes...
2025-06-28 18:10:09.781 [info] Got 1 sessions for ...
2025-06-28 18:10:09.816 [info] Getting sessions for read:user,repo,user:email,workflow...
2025-06-28 18:10:09.817 [info] Got 0 sessions for read:user,repo,user:email,workflow...
2025-06-28 18:10:10.158 [info] Getting sessions for user:email...
2025-06-28 18:10:10.158 [info] Got 1 sessions for user:email...
2025-06-28 18:10:10.173 [info] Getting sessions for read:user,repo,user:email,workflow...
2025-06-28 18:10:10.173 [info] Got 0 sessions for read:user,repo,user:email,workflow...
2025-06-28 18:10:10.258 [info] Getting sessions for all scopes...
2025-06-28 18:10:10.259 [info] Got 1 sessions for ...
2025-06-28 18:10:10.341 [info] Getting sessions for read:user,repo,user:email,workflow...
2025-06-28 18:10:10.341 [info] Got 0 sessions for read:user,repo,user:email,workflow...
2025-06-28 18:10:10.450 [info] Getting sessions for user:email...
2025-06-28 18:10:10.450 [info] Got 1 sessions for user:email...
2025-06-28 18:10:10.755 [info] Getting sessions for all scopes...
2025-06-28 18:10:10.755 [info] Got 1 sessions for ...
2025-06-28 18:10:10.755 [info] Getting sessions for all scopes...
2025-06-28 18:10:10.755 [info] Got 1 sessions for ...
2025-06-28 18:10:10.793 [info] Getting sessions for read:user,repo,user:email,workflow...
2025-06-28 18:10:10.793 [info] Got 0 sessions for read:user,repo,user:email,workflow...
2025-06-28 18:10:10.800 [info] Getting sessions for user:email...
2025-06-28 18:10:10.800 [info] Got 1 sessions for user:email...
2025-06-28 18:10:10.807 [info] Getting sessions for read:user,repo,user:email,workflow...
2025-06-28 18:10:10.808 [info] Got 0 sessions for read:user,repo,user:email,workflow...
2025-06-28 18:10:10.818 [info] Getting sessions for all scopes...
2025-06-28 18:10:10.818 [info] Got 1 sessions for ...
2025-06-28 18:10:10.820 [info] Getting sessions for all scopes...
2025-06-28 18:10:10.820 [info] Got 1 sessions for ...
2025-06-28 18:10:10.821 [info] Getting sessions for all scopes...
2025-06-28 18:10:10.821 [info] Got 1 sessions for ...
2025-06-28 18:10:10.824 [info] Getting sessions for read:user,repo,user:email,workflow...
2025-06-28 18:10:10.824 [info] Got 0 sessions for read:user,repo,user:email,workflow...
2025-06-28 18:10:10.826 [info] Getting sessions for user:email...
2025-06-28 18:10:10.827 [info] Got 1 sessions for user:email...
2025-06-28 18:10:12.502 [info] Getting sessions for all scopes...
2025-06-28 18:10:12.502 [info] Got 1 sessions for ...
2025-06-28 18:10:12.504 [info] Getting sessions for read:user,repo,user:email,workflow...
2025-06-28 18:10:12.505 [info] Got 0 sessions for read:user,repo,user:email,workflow...
2025-06-28 18:10:12.507 [info] Getting sessions for user:email...
2025-06-28 18:10:12.507 [info] Got 1 sessions for user:email...
2025-06-28 18:10:23.097 [info] Reading sessions from keychain...
2025-06-28 18:10:23.097 [info] Getting sessions for all scopes...
2025-06-28 18:10:23.097 [info] Getting sessions for all scopes...
2025-06-28 18:10:23.097 [info] Getting sessions for all scopes...
2025-06-28 18:10:23.097 [info] Getting sessions for all scopes...
2025-06-28 18:10:23.097 [info] Got stored sessions!
2025-06-28 18:10:23.097 [info] Got 1 verified sessions.
2025-06-28 18:10:23.097 [info] Got 1 sessions for ...
2025-06-28 18:10:23.097 [info] Got 1 sessions for ...
2025-06-28 18:10:23.097 [info] Got 1 sessions for ...
2025-06-28 18:10:23.097 [info] Got 1 sessions for ...
2025-06-28 18:10:23.097 [info] Getting sessions for all scopes...
2025-06-28 18:10:23.097 [info] Got 1 sessions for ...
2025-06-28 18:10:25.807 [info] Reading sessions from keychain...
2025-06-28 18:10:25.807 [info] Getting sessions for all scopes...
2025-06-28 18:10:25.807 [info] Getting sessions for all scopes...
2025-06-28 18:10:25.807 [info] Getting sessions for all scopes...
2025-06-28 18:10:25.807 [info] Getting sessions for all scopes...
2025-06-28 18:10:25.807 [info] Got stored sessions!
2025-06-28 18:10:25.807 [info] Got 1 verified sessions.
2025-06-28 18:10:25.807 [info] Got 1 sessions for ...
2025-06-28 18:10:25.807 [info] Got 1 sessions for ...
2025-06-28 18:10:25.807 [info] Got 1 sessions for ...
2025-06-28 18:10:25.807 [info] Got 1 sessions for ...
2025-06-28 18:10:25.807 [info] Getting sessions for all scopes...
2025-06-28 18:10:25.807 [info] Got 1 sessions for ...
2025-06-28 18:10:32.927 [info] Getting sessions for all scopes...
2025-06-28 18:10:32.927 [info] Got 1 sessions for ...
2025-06-28 18:10:32.929 [info] Getting sessions for all scopes...
2025-06-28 18:10:32.929 [info] Got 1 sessions for ...
2025-06-28 18:10:33.320 [info] Getting sessions for read:user,repo,user:email,workflow...
2025-06-28 18:10:33.320 [info] Got 0 sessions for read:user,repo,user:email,workflow...
2025-06-28 18:10:33.333 [info] Getting sessions for read:user,repo,user:email,workflow...
2025-06-28 18:10:33.333 [info] Got 0 sessions for read:user,repo,user:email,workflow...
2025-06-28 18:10:33.340 [info] Getting sessions for read:user...
2025-06-28 18:10:33.340 [info] Got 0 sessions for read:user...
2025-06-28 18:10:34.069 [info] Getting sessions for user:email...
2025-06-28 18:10:34.069 [info] Got 1 sessions for user:email...
2025-06-28 18:10:34.070 [info] Getting sessions for read:user,repo,user:email,workflow...
2025-06-28 18:10:34.070 [info] Got 0 sessions for read:user,repo,user:email,workflow...
2025-06-28 18:10:34.073 [info] Getting sessions for user:email...
2025-06-28 18:10:34.073 [info] Got 1 sessions for user:email...
2025-06-28 18:10:34.080 [info] Getting sessions for all scopes...
2025-06-28 18:10:34.080 [info] Got 1 sessions for ...
2025-06-28 18:10:34.086 [info] Getting sessions for read:user,repo,user:email,workflow...
2025-06-28 18:10:34.086 [info] Got 0 sessions for read:user,repo,user:email,workflow...
2025-06-28 18:10:34.597 [info] Getting sessions for user:email...
2025-06-28 18:10:34.597 [info] Got 1 sessions for user:email...
2025-06-28 18:10:34.698 [info] Getting sessions for all scopes...
2025-06-28 18:10:34.698 [info] Got 1 sessions for ...
2025-06-28 18:10:34.703 [info] Getting sessions for read:user,repo,user:email,workflow...
2025-06-28 18:10:34.704 [info] Got 0 sessions for read:user,repo,user:email,workflow...
2025-06-28 18:10:34.706 [info] Getting sessions for user:email...
2025-06-28 18:10:34.706 [info] Got 1 sessions for user:email...
2025-06-28 18:10:35.796 [info] Getting sessions for all scopes...
2025-06-28 18:10:35.796 [info] Got 1 sessions for ...
2025-06-28 18:10:35.797 [info] Getting sessions for all scopes...
2025-06-28 18:10:35.797 [info] Got 1 sessions for ...
2025-06-28 18:10:35.828 [info] Getting sessions for read:user,repo,user:email,workflow...
2025-06-28 18:10:35.828 [info] Got 0 sessions for read:user,repo,user:email,workflow...
2025-06-28 18:10:35.830 [info] Getting sessions for user:email...
2025-06-28 18:10:35.830 [info] Got 1 sessions for user:email...
2025-06-28 18:10:35.831 [info] Getting sessions for read:user,repo,user:email,workflow...
2025-06-28 18:10:35.831 [info] Got 0 sessions for read:user,repo,user:email,workflow...
2025-06-28 18:10:35.835 [info] Getting sessions for all scopes...
2025-06-28 18:10:35.835 [info] Got 1 sessions for ...
2025-06-28 18:10:35.838 [info] Getting sessions for read:user,repo,user:email,workflow...
2025-06-28 18:10:35.838 [info] Got 0 sessions for read:user,repo,user:email,workflow...
2025-06-28 18:10:35.840 [info] Getting sessions for user:email...
2025-06-28 18:10:35.840 [info] Got 1 sessions for user:email...
2025-06-28 18:10:36.123 [info] Getting sessions for all scopes...
2025-06-28 18:10:36.123 [info] Got 1 sessions for ...
2025-06-28 18:10:36.144 [info] Getting sessions for all scopes...
2025-06-28 18:10:36.144 [info] Got 1 sessions for ...
2025-06-28 18:10:36.162 [info] Getting sessions for read:user,repo,user:email,workflow...
2025-06-28 18:10:36.162 [info] Got 0 sessions for read:user,repo,user:email,workflow...
2025-06-28 18:10:36.167 [info] Getting sessions for user:email...
2025-06-28 18:10:36.167 [info] Got 1 sessions for user:email...
2025-06-28 18:10:36.170 [info] Getting sessions for read:user,repo,user:email,workflow...
2025-06-28 18:10:36.170 [info] Got 0 sessions for read:user,repo,user:email,workflow...
2025-06-28 18:10:36.187 [info] Getting sessions for all scopes...
2025-06-28 18:10:36.187 [info] Got 1 sessions for ...
2025-06-28 18:10:36.190 [info] Getting sessions for read:user,repo,user:email,workflow...
2025-06-28 18:10:36.190 [info] Got 0 sessions for read:user,repo,user:email,workflow...
2025-06-28 18:10:36.193 [info] Getting sessions for user:email...
2025-06-28 18:10:36.193 [info] Got 1 sessions for user:email...
2025-06-28 18:10:37.324 [info] Getting sessions for all scopes...
2025-06-28 18:10:37.325 [info] Got 1 sessions for ...
2025-06-28 18:10:37.341 [info] Getting sessions for read:user,repo,user:email,workflow...
2025-06-28 18:10:37.342 [info] Got 0 sessions for read:user,repo,user:email,workflow...
2025-06-28 18:10:37.345 [info] Getting sessions for user:email...
2025-06-28 18:10:37.345 [info] Got 1 sessions for user:email...
2025-06-28 18:11:00.612 [info] Getting sessions for all scopes...
2025-06-28 18:11:00.612 [info] Got 1 sessions for ...
2025-06-28 18:11:00.616 [info] Getting sessions for read:user,repo,user:email,workflow...
2025-06-28 18:11:00.616 [info] Got 0 sessions for read:user,repo,user:email,workflow...
2025-06-28 18:11:00.618 [info] Getting sessions for user:email...
2025-06-28 18:11:00.618 [info] Got 1 sessions for user:email...
2025-06-28 18:11:03.988 [info] Getting sessions for all scopes...
2025-06-28 18:11:03.989 [info] Got 1 sessions for ...
2025-06-28 18:11:04.060 [info] Getting sessions for read:user,repo,user:email,workflow...
2025-06-28 18:11:04.060 [info] Got 0 sessions for read:user,repo,user:email,workflow...
2025-06-28 18:11:04.128 [info] Getting sessions for user:email...
2025-06-28 18:11:04.128 [info] Got 1 sessions for user:email...
2025-06-28 18:11:04.298 [info] Getting sessions for all scopes...
2025-06-28 18:11:04.299 [info] Got 1 sessions for ...
2025-06-28 18:11:04.317 [info] Getting sessions for read:user,repo,user:email,workflow...
2025-06-28 18:11:04.317 [info] Got 0 sessions for read:user,repo,user:email,workflow...
2025-06-28 18:11:04.320 [info] Getting sessions for user:email...
2025-06-28 18:11:04.320 [info] Got 1 sessions for user:email...
2025-06-28 18:11:06.758 [info] Getting sessions for all scopes...
2025-06-28 18:11:06.758 [info] Got 1 sessions for ...
2025-06-28 18:11:06.874 [info] Getting sessions for read:user,repo,user:email,workflow...
2025-06-28 18:11:06.874 [info] Got 0 sessions for read:user,repo,user:email,workflow...
2025-06-28 18:11:06.896 [info] Getting sessions for user:email...
2025-06-28 18:11:06.897 [info] Got 1 sessions for user:email...
2025-06-28 18:11:07.590 [info] Getting sessions for all scopes...
2025-06-28 18:11:07.590 [info] Got 1 sessions for ...
2025-06-28 18:11:07.592 [info] Getting sessions for read:user,repo,user:email,workflow...
2025-06-28 18:11:07.592 [info] Got 0 sessions for read:user,repo,user:email,workflow...
2025-06-28 18:11:07.595 [info] Getting sessions for user:email...
2025-06-28 18:11:07.595 [info] Got 1 sessions for user:email...
2025-06-28 18:11:09.661 [info] Getting sessions for all scopes...
2025-06-28 18:11:09.661 [info] Got 1 sessions for ...
2025-06-28 18:11:09.804 [info] Getting sessions for read:user,repo,user:email,workflow...
2025-06-28 18:11:09.804 [info] Got 0 sessions for read:user,repo,user:email,workflow...
2025-06-28 18:11:09.852 [info] Getting sessions for user:email...
2025-06-28 18:11:09.852 [info] Got 1 sessions for user:email...
2025-06-28 18:11:09.915 [info] Getting sessions for all scopes...
2025-06-28 18:11:09.915 [info] Got 1 sessions for ...
2025-06-28 18:11:09.917 [info] Getting sessions for read:user,repo,user:email,workflow...
2025-06-28 18:11:09.917 [info] Got 0 sessions for read:user,repo,user:email,workflow...
2025-06-28 18:11:09.919 [info] Getting sessions for user:email...
2025-06-28 18:11:09.919 [info] Got 1 sessions for user:email...
2025-06-28 18:11:11.474 [info] Getting sessions for all scopes...
2025-06-28 18:11:11.474 [info] Got 1 sessions for ...
2025-06-28 18:11:11.634 [info] Getting sessions for read:user,repo,user:email,workflow...
2025-06-28 18:11:11.634 [info] Got 0 sessions for read:user,repo,user:email,workflow...
2025-06-28 18:11:11.651 [info] Getting sessions for user:email...
2025-06-28 18:11:11.651 [info] Got 1 sessions for user:email...
2025-06-28 18:11:11.763 [info] Getting sessions for all scopes...
2025-06-28 18:11:11.763 [info] Got 1 sessions for ...
2025-06-28 18:11:11.766 [info] Getting sessions for read:user,repo,user:email,workflow...
2025-06-28 18:11:11.766 [info] Got 0 sessions for read:user,repo,user:email,workflow...
2025-06-28 18:11:11.768 [info] Getting sessions for user:email...
2025-06-28 18:11:11.768 [info] Got 1 sessions for user:email...
2025-06-28 18:11:17.283 [info] Getting sessions for all scopes...
2025-06-28 18:11:17.283 [info] Got 1 sessions for ...
2025-06-28 18:11:17.445 [info] Getting sessions for read:user,repo,user:email,workflow...
2025-06-28 18:11:17.445 [info] Got 0 sessions for read:user,repo,user:email,workflow...
2025-06-28 18:11:17.505 [info] Getting sessions for user:email...
2025-06-28 18:11:17.505 [info] Got 1 sessions for user:email...
2025-06-28 18:11:19.610 [info] Getting sessions for all scopes...
2025-06-28 18:11:19.611 [info] Got 1 sessions for ...
2025-06-28 18:11:19.614 [info] Getting sessions for read:user,repo,user:email,workflow...
2025-06-28 18:11:19.614 [info] Got 0 sessions for read:user,repo,user:email,workflow...
2025-06-28 18:11:19.617 [info] Getting sessions for user:email...
2025-06-28 18:11:19.617 [info] Got 1 sessions for user:email...
2025-06-28 18:11:23.544 [info] Getting sessions for all scopes...
2025-06-28 18:11:23.544 [info] Got 1 sessions for ...
2025-06-28 18:11:23.698 [info] Getting sessions for read:user,repo,user:email,workflow...
2025-06-28 18:11:23.698 [info] Got 0 sessions for read:user,repo,user:email,workflow...
2025-06-28 18:11:23.741 [info] Getting sessions for user:email...
2025-06-28 18:11:23.741 [info] Got 1 sessions for user:email...
2025-06-28 18:11:25.868 [info] Getting sessions for all scopes...
2025-06-28 18:11:25.868 [info] Got 1 sessions for ...
2025-06-28 18:11:25.870 [info] Getting sessions for read:user,repo,user:email,workflow...
2025-06-28 18:11:25.870 [info] Got 0 sessions for read:user,repo,user:email,workflow...
2025-06-28 18:11:25.872 [info] Getting sessions for user:email...
2025-06-28 18:11:25.872 [info] Got 1 sessions for user:email...
2025-06-28 18:11:28.765 [info] Getting sessions for all scopes...
2025-06-28 18:11:28.765 [info] Got 1 sessions for ...
2025-06-28 18:11:28.937 [info] Getting sessions for read:user,repo,user:email,workflow...
2025-06-28 18:11:28.937 [info] Got 0 sessions for read:user,repo,user:email,workflow...
2025-06-28 18:11:28.982 [info] Getting sessions for user:email...
2025-06-28 18:11:28.982 [info] Got 1 sessions for user:email...
2025-06-28 18:11:32.659 [info] Getting sessions for all scopes...
2025-06-28 18:11:32.659 [info] Got 1 sessions for ...
2025-06-28 18:11:32.698 [info] Getting sessions for read:user,repo,user:email,workflow...
2025-06-28 18:11:32.698 [info] Got 0 sessions for read:user,repo,user:email,workflow...
2025-06-28 18:11:32.722 [info] Getting sessions for user:email...
2025-06-28 18:11:32.722 [info] Got 1 sessions for user:email...
2025-06-28 18:11:34.091 [info] Getting sessions for all scopes...
2025-06-28 18:11:34.091 [info] Got 1 sessions for ...
2025-06-28 18:11:34.094 [info] Getting sessions for read:user,repo,user:email,workflow...
2025-06-28 18:11:34.094 [info] Got 0 sessions for read:user,repo,user:email,workflow...
2025-06-28 18:11:34.097 [info] Getting sessions for user:email...
2025-06-28 18:11:34.097 [info] Got 1 sessions for user:email...
2025-06-28 18:11:37.068 [info] Getting sessions for all scopes...
2025-06-28 18:11:37.068 [info] Got 1 sessions for ...
2025-06-28 18:11:37.256 [info] Getting sessions for read:user,repo,user:email,workflow...
2025-06-28 18:11:37.256 [info] Got 0 sessions for read:user,repo,user:email,workflow...
2025-06-28 18:11:37.271 [info] Getting sessions for user:email...
2025-06-28 18:11:37.271 [info] Got 1 sessions for user:email...
2025-06-28 18:11:37.435 [info] Getting sessions for all scopes...
2025-06-28 18:11:37.435 [info] Got 1 sessions for ...
2025-06-28 18:11:37.441 [info] Getting sessions for read:user,repo,user:email,workflow...
2025-06-28 18:11:37.441 [info] Got 0 sessions for read:user,repo,user:email,workflow...
2025-06-28 18:11:37.443 [info] Getting sessions for user:email...
2025-06-28 18:11:37.443 [info] Got 1 sessions for user:email...
2025-06-28 18:11:39.137 [info] Getting sessions for all scopes...
2025-06-28 18:11:39.137 [info] Got 1 sessions for ...
2025-06-28 18:11:39.183 [info] Getting sessions for read:user,repo,user:email,workflow...
2025-06-28 18:11:39.183 [info] Got 0 sessions for read:user,repo,user:email,workflow...
2025-06-28 18:11:39.192 [info] Getting sessions for user:email...
2025-06-28 18:11:39.192 [info] Got 1 sessions for user:email...
2025-06-28 18:11:40.474 [info] Getting sessions for all scopes...
2025-06-28 18:11:40.474 [info] Got 1 sessions for ...
2025-06-28 18:11:40.478 [info] Getting sessions for read:user,repo,user:email,workflow...
2025-06-28 18:11:40.478 [info] Got 0 sessions for read:user,repo,user:email,workflow...
2025-06-28 18:11:40.484 [info] Getting sessions for user:email...
2025-06-28 18:11:40.484 [info] Got 1 sessions for user:email...
2025-06-28 18:11:42.993 [info] Getting sessions for all scopes...
2025-06-28 18:11:42.993 [info] Got 1 sessions for ...
2025-06-28 18:11:43.006 [info] Getting sessions for read:user,repo,user:email,workflow...
2025-06-28 18:11:43.006 [info] Got 0 sessions for read:user,repo,user:email,workflow...
2025-06-28 18:11:43.008 [info] Getting sessions for user:email...
2025-06-28 18:11:43.008 [info] Got 1 sessions for user:email...
2025-06-28 18:12:47.559 [info] Getting sessions for all scopes...
2025-06-28 18:12:47.559 [info] Got 1 sessions for ...
2025-06-28 18:12:47.562 [info] Getting sessions for read:user,repo,user:email,workflow...
2025-06-28 18:12:47.562 [info] Got 0 sessions for read:user,repo,user:email,workflow...
2025-06-28 18:12:47.565 [info] Getting sessions for user:email...
2025-06-28 18:12:47.565 [info] Got 1 sessions for user:email...
2025-06-28 18:12:53.927 [info] Getting sessions for all scopes...
2025-06-28 18:12:53.927 [info] Got 1 sessions for ...
2025-06-28 18:12:53.990 [info] Getting sessions for read:user,repo,user:email,workflow...
2025-06-28 18:12:53.990 [info] Got 0 sessions for read:user,repo,user:email,workflow...
2025-06-28 18:12:54.024 [info] Getting sessions for user:email...
2025-06-28 18:12:54.025 [info] Got 1 sessions for user:email...
2025-06-28 18:12:56.570 [info] Getting sessions for all scopes...
2025-06-28 18:12:56.570 [info] Got 1 sessions for ...
2025-06-28 18:12:56.669 [info] Getting sessions for read:user,repo,user:email,workflow...
2025-06-28 18:12:56.669 [info] Got 0 sessions for read:user,repo,user:email,workflow...
2025-06-28 18:12:56.767 [info] Getting sessions for user:email...
2025-06-28 18:12:56.767 [info] Got 1 sessions for user:email...
2025-06-28 18:12:58.153 [info] Getting sessions for all scopes...
2025-06-28 18:12:58.153 [info] Got 1 sessions for ...
2025-06-28 18:12:58.156 [info] Getting sessions for read:user,repo,user:email,workflow...
2025-06-28 18:12:58.157 [info] Got 0 sessions for read:user,repo,user:email,workflow...
2025-06-28 18:12:58.160 [info] Getting sessions for user:email...
2025-06-28 18:12:58.160 [info] Got 1 sessions for user:email...
2025-06-28 18:13:03.536 [info] Getting sessions for all scopes...
2025-06-28 18:13:03.537 [info] Got 1 sessions for ...
2025-06-28 18:13:03.614 [info] Getting sessions for read:user,repo,user:email,workflow...
2025-06-28 18:13:03.614 [info] Got 0 sessions for read:user,repo,user:email,workflow...
2025-06-28 18:13:03.630 [info] Getting sessions for user:email...
2025-06-28 18:13:03.630 [info] Got 1 sessions for user:email...
2025-06-28 18:13:04.026 [info] Getting sessions for all scopes...
2025-06-28 18:13:04.026 [info] Got 1 sessions for ...
2025-06-28 18:13:04.061 [info] Getting sessions for read:user,repo,user:email,workflow...
2025-06-28 18:13:04.061 [info] Got 0 sessions for read:user,repo,user:email,workflow...
2025-06-28 18:13:04.250 [info] Getting sessions for user:email...
2025-06-28 18:13:04.250 [info] Got 1 sessions for user:email...
2025-06-28 18:13:08.634 [info] Getting sessions for all scopes...
2025-06-28 18:13:08.634 [info] Got 1 sessions for ...
2025-06-28 18:13:08.758 [info] Getting sessions for read:user,repo,user:email,workflow...
2025-06-28 18:13:08.758 [info] Got 0 sessions for read:user,repo,user:email,workflow...
2025-06-28 18:13:08.783 [info] Getting sessions for user:email...
2025-06-28 18:13:08.783 [info] Got 1 sessions for user:email...
2025-06-28 18:13:10.336 [info] Getting sessions for all scopes...
2025-06-28 18:13:10.336 [info] Got 1 sessions for ...
2025-06-28 18:13:10.339 [info] Getting sessions for read:user,repo,user:email,workflow...
2025-06-28 18:13:10.339 [info] Got 0 sessions for read:user,repo,user:email,workflow...
2025-06-28 18:13:10.341 [info] Getting sessions for user:email...
2025-06-28 18:13:10.341 [info] Got 1 sessions for user:email...
2025-06-28 18:13:12.652 [info] Getting sessions for all scopes...
2025-06-28 18:13:12.652 [info] Got 1 sessions for ...
2025-06-28 18:13:12.674 [info] Getting sessions for read:user,repo,user:email,workflow...
2025-06-28 18:13:12.674 [info] Got 0 sessions for read:user,repo,user:email,workflow...
2025-06-28 18:13:12.676 [info] Getting sessions for user:email...
2025-06-28 18:13:12.676 [info] Got 1 sessions for user:email...
2025-06-28 18:13:52.809 [info] Getting sessions for all scopes...
2025-06-28 18:13:52.809 [info] Got 1 sessions for ...
2025-06-28 18:13:52.813 [info] Getting sessions for read:user,repo,user:email,workflow...
2025-06-28 18:13:52.813 [info] Got 0 sessions for read:user,repo,user:email,workflow...
2025-06-28 18:13:52.816 [info] Getting sessions for user:email...
2025-06-28 18:13:52.816 [info] Got 1 sessions for user:email...
2025-06-28 18:13:55.889 [info] Getting sessions for all scopes...
2025-06-28 18:13:55.889 [info] Got 1 sessions for ...
2025-06-28 18:13:55.938 [info] Getting sessions for read:user,repo,user:email,workflow...
2025-06-28 18:13:55.938 [info] Got 0 sessions for read:user,repo,user:email,workflow...
2025-06-28 18:13:55.980 [info] Getting sessions for user:email...
2025-06-28 18:13:55.980 [info] Got 1 sessions for user:email...
2025-06-28 18:13:56.094 [info] Getting sessions for all scopes...
2025-06-28 18:13:56.094 [info] Got 1 sessions for ...
2025-06-28 18:13:56.104 [info] Getting sessions for read:user,repo,user:email,workflow...
2025-06-28 18:13:56.104 [info] Got 0 sessions for read:user,repo,user:email,workflow...
2025-06-28 18:13:56.106 [info] Getting sessions for user:email...
2025-06-28 18:13:56.106 [info] Got 1 sessions for user:email...
2025-06-28 18:13:59.190 [info] Getting sessions for all scopes...
2025-06-28 18:13:59.190 [info] Got 1 sessions for ...
2025-06-28 18:13:59.277 [info] Getting sessions for read:user,repo,user:email,workflow...
2025-06-28 18:13:59.277 [info] Got 0 sessions for read:user,repo,user:email,workflow...
2025-06-28 18:13:59.351 [info] Getting sessions for user:email...
2025-06-28 18:13:59.351 [info] Got 1 sessions for user:email...
2025-06-28 18:14:01.197 [info] Getting sessions for all scopes...
2025-06-28 18:14:01.197 [info] Got 1 sessions for ...
2025-06-28 18:14:01.200 [info] Getting sessions for read:user,repo,user:email,workflow...
2025-06-28 18:14:01.200 [info] Got 0 sessions for read:user,repo,user:email,workflow...
2025-06-28 18:14:01.202 [info] Getting sessions for user:email...
2025-06-28 18:14:01.202 [info] Got 1 sessions for user:email...
2025-06-28 18:14:03.279 [info] Getting sessions for all scopes...
2025-06-28 18:14:03.279 [info] Got 1 sessions for ...
2025-06-28 18:14:03.296 [info] Getting sessions for read:user,repo,user:email,workflow...
2025-06-28 18:14:03.296 [info] Got 0 sessions for read:user,repo,user:email,workflow...
2025-06-28 18:14:03.299 [info] Getting sessions for user:email...
2025-06-28 18:14:03.299 [info] Got 1 sessions for user:email...
2025-06-28 18:14:39.633 [info] Getting sessions for all scopes...
2025-06-28 18:14:39.633 [info] Got 1 sessions for ...
2025-06-28 18:14:39.636 [info] Getting sessions for read:user,repo,user:email,workflow...
2025-06-28 18:14:39.636 [info] Got 0 sessions for read:user,repo,user:email,workflow...
2025-06-28 18:14:39.638 [info] Getting sessions for user:email...
2025-06-28 18:14:39.638 [info] Got 1 sessions for user:email...
2025-06-28 18:14:48.007 [info] Getting sessions for all scopes...
2025-06-28 18:14:48.007 [info] Got 1 sessions for ...
2025-06-28 18:14:48.128 [info] Getting sessions for read:user,repo,user:email,workflow...
2025-06-28 18:14:48.129 [info] Got 0 sessions for read:user,repo,user:email,workflow...
2025-06-28 18:14:48.131 [info] Getting sessions for user:email...
2025-06-28 18:14:48.131 [info] Got 1 sessions for user:email...
2025-06-28 18:14:48.342 [info] Getting sessions for all scopes...
2025-06-28 18:14:48.342 [info] Got 1 sessions for ...
2025-06-28 18:14:48.373 [info] Getting sessions for read:user,repo,user:email,workflow...
2025-06-28 18:14:48.373 [info] Got 0 sessions for read:user,repo,user:email,workflow...
2025-06-28 18:14:48.382 [info] Getting sessions for user:email...
2025-06-28 18:14:48.382 [info] Got 1 sessions for user:email...
2025-06-28 18:14:50.876 [info] Getting sessions for all scopes...
2025-06-28 18:14:50.876 [info] Got 1 sessions for ...
2025-06-28 18:14:50.914 [info] Getting sessions for read:user,repo,user:email,workflow...
2025-06-28 18:14:50.914 [info] Got 0 sessions for read:user,repo,user:email,workflow...
2025-06-28 18:14:50.919 [info] Getting sessions for user:email...
2025-06-28 18:14:50.919 [info] Got 1 sessions for user:email...
2025-06-28 18:14:52.360 [info] Getting sessions for all scopes...
2025-06-28 18:14:52.360 [info] Got 1 sessions for ...
2025-06-28 18:14:52.363 [info] Getting sessions for read:user,repo,user:email,workflow...
2025-06-28 18:14:52.363 [info] Got 0 sessions for read:user,repo,user:email,workflow...
2025-06-28 18:14:52.365 [info] Getting sessions for user:email...
2025-06-28 18:14:52.365 [info] Got 1 sessions for user:email...
2025-06-28 18:14:54.975 [info] Getting sessions for all scopes...
2025-06-28 18:14:54.975 [info] Got 1 sessions for ...
2025-06-28 18:14:55.000 [info] Getting sessions for read:user,repo,user:email,workflow...
2025-06-28 18:14:55.000 [info] Got 0 sessions for read:user,repo,user:email,workflow...
2025-06-28 18:14:55.003 [info] Getting sessions for user:email...
2025-06-28 18:14:55.003 [info] Got 1 sessions for user:email...
2025-06-28 18:14:56.338 [info] Getting sessions for all scopes...
2025-06-28 18:14:56.338 [info] Got 1 sessions for ...
2025-06-28 18:14:56.356 [info] Getting sessions for read:user,repo,user:email,workflow...
2025-06-28 18:14:56.356 [info] Got 0 sessions for read:user,repo,user:email,workflow...
2025-06-28 18:14:56.359 [info] Getting sessions for user:email...
2025-06-28 18:14:56.359 [info] Got 1 sessions for user:email...
2025-06-28 18:14:58.642 [info] Getting sessions for all scopes...
2025-06-28 18:14:58.642 [info] Got 1 sessions for ...
2025-06-28 18:14:58.670 [info] Getting sessions for read:user,repo,user:email,workflow...
2025-06-28 18:14:58.670 [info] Got 0 sessions for read:user,repo,user:email,workflow...
2025-06-28 18:14:58.672 [info] Getting sessions for user:email...
2025-06-28 18:14:58.672 [info] Got 1 sessions for user:email...
2025-06-28 18:15:00.042 [info] Getting sessions for all scopes...
2025-06-28 18:15:00.042 [info] Got 1 sessions for ...
2025-06-28 18:15:00.044 [info] Getting sessions for read:user,repo,user:email,workflow...
2025-06-28 18:15:00.044 [info] Got 0 sessions for read:user,repo,user:email,workflow...
2025-06-28 18:15:00.060 [info] Getting sessions for user:email...
2025-06-28 18:15:00.060 [info] Got 1 sessions for user:email...
2025-06-28 18:15:02.722 [info] Getting sessions for all scopes...
2025-06-28 18:15:02.722 [info] Got 1 sessions for ...
2025-06-28 18:15:02.737 [info] Getting sessions for read:user,repo,user:email,workflow...
2025-06-28 18:15:02.737 [info] Got 0 sessions for read:user,repo,user:email,workflow...
2025-06-28 18:15:02.739 [info] Getting sessions for user:email...
2025-06-28 18:15:02.739 [info] Got 1 sessions for user:email...
2025-06-28 18:15:04.148 [info] Getting sessions for all scopes...
2025-06-28 18:15:04.148 [info] Got 1 sessions for ...
2025-06-28 18:15:04.160 [info] Getting sessions for read:user,repo,user:email,workflow...
2025-06-28 18:15:04.161 [info] Got 0 sessions for read:user,repo,user:email,workflow...
2025-06-28 18:15:04.163 [info] Getting sessions for user:email...
2025-06-28 18:15:04.163 [info] Got 1 sessions for user:email...
2025-06-28 18:15:06.425 [info] Getting sessions for all scopes...
2025-06-28 18:15:06.425 [info] Got 1 sessions for ...
2025-06-28 18:15:06.451 [info] Getting sessions for read:user,repo,user:email,workflow...
2025-06-28 18:15:06.451 [info] Got 0 sessions for read:user,repo,user:email,workflow...
2025-06-28 18:15:06.454 [info] Getting sessions for user:email...
2025-06-28 18:15:06.454 [info] Got 1 sessions for user:email...
2025-06-28 18:15:07.882 [info] Getting sessions for all scopes...
2025-06-28 18:15:07.882 [info] Got 1 sessions for ...
2025-06-28 18:15:07.884 [info] Getting sessions for read:user,repo,user:email,workflow...
2025-06-28 18:15:07.884 [info] Got 0 sessions for read:user,repo,user:email,workflow...
2025-06-28 18:15:07.888 [info] Getting sessions for user:email...
2025-06-28 18:15:07.888 [info] Got 1 sessions for user:email...
2025-06-28 18:15:16.614 [info] Getting sessions for all scopes...
2025-06-28 18:15:16.614 [info] Got 1 sessions for ...
2025-06-28 18:15:16.639 [info] Getting sessions for read:user,repo,user:email,workflow...
2025-06-28 18:15:16.639 [info] Got 0 sessions for read:user,repo,user:email,workflow...
2025-06-28 18:15:16.641 [info] Getting sessions for user:email...
2025-06-28 18:15:16.641 [info] Got 1 sessions for user:email...
2025-06-28 18:15:17.963 [info] Getting sessions for all scopes...
2025-06-28 18:15:17.963 [info] Got 1 sessions for ...
2025-06-28 18:15:17.993 [info] Getting sessions for read:user,repo,user:email,workflow...
2025-06-28 18:15:17.993 [info] Got 0 sessions for read:user,repo,user:email,workflow...
2025-06-28 18:15:17.996 [info] Getting sessions for user:email...
2025-06-28 18:15:17.996 [info] Got 1 sessions for user:email...
