2025-06-28 22:28:01.161 [info] [основное] Уровень ведения журнала: Info
2025-06-28 22:28:01.161 [info] [основное] Проверка найденного Git в: "git"
2025-06-28 22:28:01.161 [info] [основное] Используется Git "2.50.0" из "git"
2025-06-28 22:28:01.161 [info] [Model][doInitialScan] Initial repository scan started
2025-06-28 22:28:01.161 [info] > git rev-parse --show-toplevel [116ms]
2025-06-28 22:28:01.161 [info] fatal: not a git repository (or any of the parent directories): .git
2025-06-28 22:28:01.161 [info] > git rev-parse --show-toplevel [58ms]
2025-06-28 22:28:01.161 [info] fatal: not a git repository (or any of the parent directories): .git
2025-06-28 22:28:01.161 [info] [Model][doInitialScan] Initial repository scan completed - repositories (0), closed repositories (0), parent repositories (0), unsafe repositories (0)
2025-06-28 22:28:01.161 [info] > git rev-parse --show-toplevel [93ms]
2025-06-28 22:28:01.161 [info] fatal: not a git repository (or any of the parent directories): .git
2025-06-28 22:28:11.772 [info] > git rev-parse --show-toplevel [15ms]
2025-06-28 22:28:11.772 [info] fatal: not a git repository (or any of the parent directories): .git
2025-06-28 22:28:14.723 [info] > git rev-parse --show-toplevel [11ms]
2025-06-28 22:28:14.723 [info] fatal: not a git repository (or any of the parent directories): .git
2025-06-28 22:28:20.937 [info] > git rev-parse --show-toplevel [11ms]
2025-06-28 22:28:20.937 [info] fatal: not a git repository (or any of the parent directories): .git
2025-06-28 22:30:02.472 [info] > git rev-parse --show-toplevel [7ms]
2025-06-28 22:30:02.472 [info] fatal: not a git repository (or any of the parent directories): .git
2025-06-28 22:30:48.589 [info] [основное] Уровень ведения журнала: Info
2025-06-28 22:30:48.589 [info] [основное] Проверка найденного Git в: "git"
2025-06-28 22:30:48.589 [info] [основное] Используется Git "2.50.0" из "git"
2025-06-28 22:30:48.589 [info] [Model][doInitialScan] Initial repository scan started
2025-06-28 22:30:48.589 [info] > git rev-parse --show-toplevel [97ms]
2025-06-28 22:30:48.589 [info] fatal: not a git repository (or any of the parent directories): .git
2025-06-28 22:30:48.589 [info] [Model][doInitialScan] Initial repository scan completed - repositories (0), closed repositories (0), parent repositories (0), unsafe repositories (0)
