2025-06-28 22:27:58.908 [info] Reading sessions from keychain...
2025-06-28 22:27:58.908 [info] Getting sessions for all scopes...
2025-06-28 22:27:58.908 [info] Getting sessions for all scopes...
2025-06-28 22:27:58.908 [info] Getting sessions for all scopes...
2025-06-28 22:27:58.908 [info] Getting sessions for all scopes...
2025-06-28 22:27:58.908 [info] Got stored sessions!
2025-06-28 22:27:58.908 [info] Got 1 verified sessions.
2025-06-28 22:27:58.908 [info] Got 1 sessions for ...
2025-06-28 22:27:58.908 [info] Got 1 sessions for ...
2025-06-28 22:27:58.908 [info] Got 1 sessions for ...
2025-06-28 22:27:58.908 [info] Got 1 sessions for ...
2025-06-28 22:27:58.908 [info] Getting sessions for all scopes...
2025-06-28 22:27:58.908 [info] Got 1 sessions for ...
2025-06-28 22:27:58.908 [info] Getting sessions for all scopes...
2025-06-28 22:27:58.908 [info] Got 1 sessions for ...
2025-06-28 22:27:58.908 [info] Getting sessions for all scopes...
2025-06-28 22:27:58.908 [info] Got 1 sessions for ...
2025-06-28 22:27:58.908 [info] Getting sessions for all scopes...
2025-06-28 22:27:58.908 [info] Got 1 sessions for ...
2025-06-28 22:27:58.908 [info] Getting sessions for all scopes...
2025-06-28 22:27:58.908 [info] Got 1 sessions for ...
2025-06-28 22:27:58.908 [info] Getting sessions for all scopes...
2025-06-28 22:27:58.908 [info] Got 1 sessions for ...
2025-06-28 22:27:58.908 [info] Getting sessions for all scopes...
2025-06-28 22:27:58.908 [info] Got 1 sessions for ...
2025-06-28 22:27:58.908 [info] Getting sessions for all scopes...
2025-06-28 22:27:58.908 [info] Got 1 sessions for ...
2025-06-28 22:27:58.908 [info] Getting sessions for all scopes...
2025-06-28 22:27:58.908 [info] Got 1 sessions for ...
2025-06-28 22:27:58.908 [info] Getting sessions for all scopes...
2025-06-28 22:27:58.908 [info] Got 1 sessions for ...
2025-06-28 22:27:58.908 [info] Getting sessions for all scopes...
2025-06-28 22:27:58.908 [info] Got 1 sessions for ...
2025-06-28 22:27:58.908 [info] Getting sessions for all scopes...
2025-06-28 22:27:58.908 [info] Got 1 sessions for ...
2025-06-28 22:27:58.908 [info] Getting sessions for all scopes...
2025-06-28 22:27:58.908 [info] Got 1 sessions for ...
2025-06-28 22:27:59.140 [info] Getting sessions for read:user,repo,user:email,workflow...
2025-06-28 22:27:59.140 [info] Got 0 sessions for read:user,repo,user:email,workflow...
2025-06-28 22:27:59.206 [info] Getting sessions for user:email...
2025-06-28 22:27:59.206 [info] Got 1 sessions for user:email...
2025-06-28 22:27:59.208 [info] Getting sessions for read:user,repo,user:email,workflow...
2025-06-28 22:27:59.208 [info] Got 0 sessions for read:user,repo,user:email,workflow...
2025-06-28 22:28:00.466 [info] Getting sessions for all scopes...
2025-06-28 22:28:00.467 [info] Got 1 sessions for ...
2025-06-28 22:28:00.608 [info] Getting sessions for all scopes...
2025-06-28 22:28:00.608 [info] Got 1 sessions for ...
2025-06-28 22:28:00.614 [info] Getting sessions for all scopes...
2025-06-28 22:28:00.614 [info] Got 1 sessions for ...
2025-06-28 22:28:00.971 [info] Getting sessions for read:user,repo,user:email,workflow...
2025-06-28 22:28:00.972 [info] Got 0 sessions for read:user,repo,user:email,workflow...
2025-06-28 22:28:06.947 [info] Getting sessions for user:email...
2025-06-28 22:28:06.947 [info] Got 1 sessions for user:email...
2025-06-28 22:28:07.312 [info] Getting sessions for all scopes...
2025-06-28 22:28:07.312 [info] Got 1 sessions for ...
2025-06-28 22:28:07.738 [info] Getting sessions for all scopes...
2025-06-28 22:28:07.739 [info] Got 1 sessions for ...
2025-06-28 22:28:07.739 [info] Getting sessions for read:user,repo,user:email,workflow...
2025-06-28 22:28:07.739 [info] Got 0 sessions for read:user,repo,user:email,workflow...
2025-06-28 22:28:07.782 [info] Getting sessions for all scopes...
2025-06-28 22:28:07.782 [info] Got 1 sessions for ...
2025-06-28 22:28:07.964 [info] Getting sessions for read:user...
2025-06-28 22:28:07.964 [info] Got 0 sessions for read:user...
2025-06-28 22:28:07.965 [info] Getting sessions for read:user,repo,user:email,workflow...
2025-06-28 22:28:07.965 [info] Got 0 sessions for read:user,repo,user:email,workflow...
2025-06-28 22:28:08.743 [info] Getting sessions for user:email...
2025-06-28 22:28:08.743 [info] Got 1 sessions for user:email...
2025-06-28 22:28:08.743 [info] Getting sessions for user:email...
2025-06-28 22:28:08.743 [info] Got 1 sessions for user:email...
2025-06-28 22:28:09.741 [info] Getting sessions for all scopes...
2025-06-28 22:28:09.741 [info] Got 1 sessions for ...
2025-06-28 22:28:09.741 [info] Getting sessions for all scopes...
2025-06-28 22:28:09.741 [info] Got 1 sessions for ...
2025-06-28 22:28:09.747 [info] Getting sessions for read:user,repo,user:email,workflow...
2025-06-28 22:28:09.747 [info] Got 0 sessions for read:user,repo,user:email,workflow...
2025-06-28 22:28:09.749 [info] Getting sessions for user:email...
2025-06-28 22:28:09.749 [info] Got 1 sessions for user:email...
2025-06-28 22:28:09.750 [info] Getting sessions for read:user,repo,user:email,workflow...
2025-06-28 22:28:09.750 [info] Got 0 sessions for read:user,repo,user:email,workflow...
2025-06-28 22:28:09.755 [info] Getting sessions for all scopes...
2025-06-28 22:28:09.755 [info] Got 1 sessions for ...
2025-06-28 22:28:09.758 [info] Getting sessions for read:user,repo,user:email,workflow...
2025-06-28 22:28:09.758 [info] Got 0 sessions for read:user,repo,user:email,workflow...
2025-06-28 22:28:09.761 [info] Getting sessions for user:email...
2025-06-28 22:28:09.761 [info] Got 1 sessions for user:email...
2025-06-28 22:28:09.988 [info] Getting sessions for all scopes...
2025-06-28 22:28:09.988 [info] Got 1 sessions for ...
2025-06-28 22:28:09.991 [info] Getting sessions for all scopes...
2025-06-28 22:28:09.991 [info] Got 1 sessions for ...
2025-06-28 22:28:09.993 [info] Getting sessions for read:user,repo,user:email,workflow...
2025-06-28 22:28:09.994 [info] Got 0 sessions for read:user,repo,user:email,workflow...
2025-06-28 22:28:09.996 [info] Getting sessions for user:email...
2025-06-28 22:28:09.996 [info] Got 1 sessions for user:email...
2025-06-28 22:28:09.996 [info] Getting sessions for read:user,repo,user:email,workflow...
2025-06-28 22:28:09.996 [info] Got 0 sessions for read:user,repo,user:email,workflow...
2025-06-28 22:28:10.007 [info] Getting sessions for all scopes...
2025-06-28 22:28:10.007 [info] Got 1 sessions for ...
2025-06-28 22:28:10.010 [info] Getting sessions for all scopes...
2025-06-28 22:28:10.010 [info] Got 1 sessions for ...
2025-06-28 22:28:10.195 [info] Getting sessions for all scopes...
2025-06-28 22:28:10.195 [info] Got 1 sessions for ...
2025-06-28 22:28:10.217 [info] Getting sessions for read:user,repo,user:email,workflow...
2025-06-28 22:28:10.217 [info] Got 0 sessions for read:user,repo,user:email,workflow...
2025-06-28 22:28:10.224 [info] Getting sessions for user:email...
2025-06-28 22:28:10.224 [info] Got 1 sessions for user:email...
2025-06-28 22:28:11.966 [info] Getting sessions for all scopes...
2025-06-28 22:28:11.966 [info] Got 1 sessions for ...
2025-06-28 22:28:12.009 [info] Getting sessions for read:user,repo,user:email,workflow...
2025-06-28 22:28:12.009 [info] Got 0 sessions for read:user,repo,user:email,workflow...
2025-06-28 22:28:12.025 [info] Getting sessions for user:email...
2025-06-28 22:28:12.025 [info] Got 1 sessions for user:email...
2025-06-28 22:30:47.951 [info] Reading sessions from keychain...
2025-06-28 22:30:47.951 [info] Getting sessions for all scopes...
2025-06-28 22:30:47.951 [info] Getting sessions for all scopes...
2025-06-28 22:30:47.951 [info] Getting sessions for all scopes...
2025-06-28 22:30:47.951 [info] Getting sessions for all scopes...
2025-06-28 22:30:47.951 [info] Got stored sessions!
2025-06-28 22:30:47.951 [info] Got 1 verified sessions.
2025-06-28 22:30:47.951 [info] Got 1 sessions for ...
2025-06-28 22:30:47.951 [info] Got 1 sessions for ...
2025-06-28 22:30:47.951 [info] Got 1 sessions for ...
2025-06-28 22:30:47.951 [info] Got 1 sessions for ...
2025-06-28 22:30:47.951 [info] Getting sessions for all scopes...
2025-06-28 22:30:47.951 [info] Got 1 sessions for ...
2025-06-28 22:30:55.273 [info] Getting sessions for all scopes...
2025-06-28 22:30:55.273 [info] Got 1 sessions for ...
2025-06-28 22:30:55.274 [info] Getting sessions for all scopes...
2025-06-28 22:30:55.274 [info] Got 1 sessions for ...
2025-06-28 22:30:55.596 [info] Getting sessions for read:user,repo,user:email,workflow...
2025-06-28 22:30:55.596 [info] Got 0 sessions for read:user,repo,user:email,workflow...
2025-06-28 22:30:55.606 [info] Getting sessions for read:user,repo,user:email,workflow...
2025-06-28 22:30:55.607 [info] Got 0 sessions for read:user,repo,user:email,workflow...
2025-06-28 22:30:55.609 [info] Getting sessions for read:user...
2025-06-28 22:30:55.609 [info] Got 0 sessions for read:user...
2025-06-28 22:30:56.307 [info] Getting sessions for user:email...
2025-06-28 22:30:56.307 [info] Got 1 sessions for user:email...
2025-06-28 22:30:56.307 [info] Getting sessions for read:user,repo,user:email,workflow...
2025-06-28 22:30:56.307 [info] Got 0 sessions for read:user,repo,user:email,workflow...
2025-06-28 22:30:56.310 [info] Getting sessions for user:email...
2025-06-28 22:30:56.310 [info] Got 1 sessions for user:email...
2025-06-28 22:30:56.317 [info] Getting sessions for all scopes...
2025-06-28 22:30:56.318 [info] Got 1 sessions for ...
2025-06-28 22:30:56.323 [info] Getting sessions for read:user,repo,user:email,workflow...
2025-06-28 22:30:56.323 [info] Got 0 sessions for read:user,repo,user:email,workflow...
2025-06-28 22:30:56.820 [info] Getting sessions for user:email...
2025-06-28 22:30:56.820 [info] Got 1 sessions for user:email...
2025-06-28 22:30:56.934 [info] Getting sessions for all scopes...
2025-06-28 22:30:56.934 [info] Got 1 sessions for ...
2025-06-28 22:30:57.114 [info] Getting sessions for read:user,repo,user:email,workflow...
2025-06-28 22:30:57.114 [info] Got 0 sessions for read:user,repo,user:email,workflow...
2025-06-28 22:30:57.271 [info] Getting sessions for user:email...
2025-06-28 22:30:57.271 [info] Got 1 sessions for user:email...
2025-06-28 22:30:58.527 [info] Getting sessions for all scopes...
2025-06-28 22:30:58.527 [info] Got 1 sessions for ...
2025-06-28 22:30:58.528 [info] Getting sessions for all scopes...
2025-06-28 22:30:58.528 [info] Got 1 sessions for ...
2025-06-28 22:30:58.560 [info] Getting sessions for read:user,repo,user:email,workflow...
2025-06-28 22:30:58.560 [info] Got 0 sessions for read:user,repo,user:email,workflow...
2025-06-28 22:30:58.563 [info] Getting sessions for user:email...
2025-06-28 22:30:58.563 [info] Got 1 sessions for user:email...
2025-06-28 22:30:58.563 [info] Getting sessions for read:user,repo,user:email,workflow...
2025-06-28 22:30:58.563 [info] Got 0 sessions for read:user,repo,user:email,workflow...
2025-06-28 22:30:58.568 [info] Getting sessions for all scopes...
2025-06-28 22:30:58.568 [info] Got 1 sessions for ...
2025-06-28 22:30:58.571 [info] Getting sessions for read:user,repo,user:email,workflow...
2025-06-28 22:30:58.571 [info] Got 0 sessions for read:user,repo,user:email,workflow...
2025-06-28 22:30:58.574 [info] Getting sessions for user:email...
2025-06-28 22:30:58.574 [info] Got 1 sessions for user:email...
2025-06-28 22:30:58.827 [info] Getting sessions for all scopes...
2025-06-28 22:30:58.827 [info] Got 1 sessions for ...
2025-06-28 22:30:58.828 [info] Getting sessions for all scopes...
2025-06-28 22:30:58.828 [info] Got 1 sessions for ...
2025-06-28 22:30:58.831 [info] Getting sessions for read:user,repo,user:email,workflow...
2025-06-28 22:30:58.831 [info] Got 0 sessions for read:user,repo,user:email,workflow...
2025-06-28 22:30:58.835 [info] Getting sessions for user:email...
2025-06-28 22:30:58.835 [info] Got 1 sessions for user:email...
2025-06-28 22:30:58.836 [info] Getting sessions for read:user,repo,user:email,workflow...
2025-06-28 22:30:58.836 [info] Got 0 sessions for read:user,repo,user:email,workflow...
2025-06-28 22:30:58.848 [info] Getting sessions for all scopes...
2025-06-28 22:30:58.848 [info] Got 1 sessions for ...
2025-06-28 22:30:58.851 [info] Getting sessions for read:user,repo,user:email,workflow...
2025-06-28 22:30:58.851 [info] Got 0 sessions for read:user,repo,user:email,workflow...
2025-06-28 22:30:58.854 [info] Getting sessions for user:email...
2025-06-28 22:30:58.854 [info] Got 1 sessions for user:email...
2025-06-28 22:31:00.436 [info] Getting sessions for all scopes...
2025-06-28 22:31:00.436 [info] Got 1 sessions for ...
2025-06-28 22:31:00.438 [info] Getting sessions for read:user,repo,user:email,workflow...
2025-06-28 22:31:00.438 [info] Got 0 sessions for read:user,repo,user:email,workflow...
2025-06-28 22:31:00.441 [info] Getting sessions for user:email...
2025-06-28 22:31:00.441 [info] Got 1 sessions for user:email...
