2025-07-02 01:13:30.134 [info] [основное] Уровень ведения журнала: Info
2025-07-02 01:13:30.134 [info] [основное] Проверка найденного Git в: "git"
2025-07-02 01:13:30.134 [info] [основное] Используется Git "2.50.0" из "git"
2025-07-02 01:13:30.134 [info] [Model][doInitialScan] Initial repository scan started
2025-07-02 01:13:30.134 [info] [Model][doInitialScan] Initial repository scan completed - repositories (0), closed repositories (0), parent repositories (0), unsafe repositories (0)
2025-07-02 01:27:47.504 [info] > git rev-parse --show-toplevel [7ms]
2025-07-02 01:27:47.504 [info] fatal: not a git repository (or any of the parent directories): .git
2025-07-02 01:27:50.436 [info] [основное] Уровень ведения журнала: Info
2025-07-02 01:27:50.436 [info] [основное] Проверка найденного Git в: "git"
2025-07-02 01:27:50.436 [info] [основное] Используется Git "2.50.0" из "git"
2025-07-02 01:27:50.436 [info] [Model][doInitialScan] Initial repository scan started
2025-07-02 01:27:50.436 [info] > git rev-parse --show-toplevel [45ms]
2025-07-02 01:27:50.436 [info] fatal: not a git repository (or any of the parent directories): .git
2025-07-02 01:27:50.436 [info] [Model][doInitialScan] Initial repository scan completed - repositories (0), closed repositories (0), parent repositories (0), unsafe repositories (0)
2025-07-02 01:28:00.650 [info] > git rev-parse --show-toplevel [13ms]
2025-07-02 01:28:00.651 [info] fatal: not a git repository (or any of the parent directories): .git
2025-07-02 01:28:11.853 [info] > git rev-parse --show-toplevel [4ms]
2025-07-02 01:28:11.853 [info] fatal: not a git repository (or any of the parent directories): .git
2025-07-02 01:28:25.588 [info] > git rev-parse --show-toplevel [8ms]
2025-07-02 01:28:25.588 [info] fatal: not a git repository (or any of the parent directories): .git
2025-07-02 01:28:27.523 [info] > git rev-parse --show-toplevel [15ms]
2025-07-02 01:28:27.523 [info] fatal: not a git repository (or any of the parent directories): .git
2025-07-02 01:28:46.270 [info] > git rev-parse --show-toplevel [6ms]
2025-07-02 01:28:46.270 [info] fatal: not a git repository (or any of the parent directories): .git
2025-07-02 01:29:02.450 [info] > git rev-parse --show-toplevel [7ms]
2025-07-02 01:29:02.450 [info] fatal: not a git repository (or any of the parent directories): .git
2025-07-02 01:29:36.660 [info] > git rev-parse --show-toplevel [5ms]
2025-07-02 01:29:36.660 [info] fatal: not a git repository (or any of the parent directories): .git
2025-07-02 01:30:01.395 [info] > git rev-parse --show-toplevel [23ms]
2025-07-02 01:30:01.395 [info] fatal: not a git repository (or any of the parent directories): .git
2025-07-02 01:31:24.178 [info] > git rev-parse --show-toplevel [23ms]
2025-07-02 01:31:24.178 [info] fatal: not a git repository (or any of the parent directories): .git
2025-07-02 01:58:24.614 [info] > git rev-parse --show-toplevel [11ms]
2025-07-02 01:58:24.614 [info] fatal: not a git repository (or any of the parent directories): .git
2025-07-02 22:44:58.256 [info] > git rev-parse --show-toplevel [6ms]
2025-07-02 22:44:58.256 [info] fatal: not a git repository (or any of the parent directories): .git
2025-07-02 22:45:08.250 [info] > git rev-parse --show-toplevel [5ms]
2025-07-02 22:45:08.250 [info] fatal: not a git repository (or any of the parent directories): .git
2025-07-02 22:45:11.104 [info] > git rev-parse --show-toplevel [6ms]
2025-07-02 22:45:11.104 [info] fatal: not a git repository (or any of the parent directories): .git
2025-07-02 22:45:13.519 [info] > git rev-parse --show-toplevel [6ms]
2025-07-02 22:45:13.519 [info] fatal: not a git repository (or any of the parent directories): .git
2025-07-02 22:45:40.791 [info] > git rev-parse --show-toplevel [10ms]
2025-07-02 22:45:40.791 [info] fatal: not a git repository (or any of the parent directories): .git
2025-07-03 05:51:06.451 [info] > git rev-parse --show-toplevel [2ms]
2025-07-03 05:51:06.451 [info] fatal: not a git repository (or any of the parent directories): .git
2025-07-03 05:52:24.797 [info] > git rev-parse --show-toplevel [6ms]
2025-07-03 05:52:24.797 [info] fatal: not a git repository (or any of the parent directories): .git
2025-07-03 05:52:32.493 [info] > git rev-parse --show-toplevel [4ms]
2025-07-03 05:52:32.493 [info] fatal: not a git repository (or any of the parent directories): .git
2025-07-03 06:02:51.537 [info] > git rev-parse --show-toplevel [8ms]
2025-07-03 06:02:51.537 [info] fatal: not a git repository (or any of the parent directories): .git
2025-07-04 00:36:11.472 [info] > git rev-parse --show-toplevel [15ms]
2025-07-04 00:36:11.473 [info] fatal: not a git repository (or any of the parent directories): .git
2025-07-04 02:09:39.135 [info] > git rev-parse --show-toplevel [13ms]
2025-07-04 02:09:39.135 [info] fatal: not a git repository (or any of the parent directories): .git
2025-07-04 02:09:39.175 [info] > git rev-parse --show-toplevel [4ms]
2025-07-04 02:09:39.175 [info] fatal: not a git repository (or any of the parent directories): .git
2025-07-04 02:09:39.223 [info] > git rev-parse --show-toplevel [5ms]
2025-07-04 02:09:39.223 [info] fatal: not a git repository (or any of the parent directories): .git
2025-07-04 02:09:39.263 [info] > git rev-parse --show-toplevel [4ms]
2025-07-04 02:09:39.263 [info] fatal: not a git repository (or any of the parent directories): .git
2025-07-04 02:09:58.816 [info] > git rev-parse --show-toplevel [7ms]
2025-07-04 02:09:58.816 [info] fatal: not a git repository (or any of the parent directories): .git
2025-07-04 02:09:58.857 [info] > git rev-parse --show-toplevel [3ms]
2025-07-04 02:09:58.857 [info] fatal: not a git repository (or any of the parent directories): .git
2025-07-04 02:10:03.196 [info] > git rev-parse --show-toplevel [5ms]
2025-07-04 02:10:03.196 [info] fatal: not a git repository (or any of the parent directories): .git
2025-07-04 02:10:03.236 [info] > git rev-parse --show-toplevel [5ms]
2025-07-04 02:10:03.236 [info] fatal: not a git repository (or any of the parent directories): .git
2025-07-04 02:10:39.537 [info] > git rev-parse --show-toplevel [7ms]
2025-07-04 02:10:39.537 [info] fatal: not a git repository (or any of the parent directories): .git
2025-07-04 02:10:39.575 [info] > git rev-parse --show-toplevel [3ms]
2025-07-04 02:10:39.575 [info] fatal: not a git repository (or any of the parent directories): .git
2025-07-04 02:10:39.630 [info] > git rev-parse --show-toplevel [7ms]
2025-07-04 02:10:39.631 [info] fatal: not a git repository (or any of the parent directories): .git
2025-07-04 02:10:39.678 [info] > git rev-parse --show-toplevel [3ms]
2025-07-04 02:10:39.678 [info] fatal: not a git repository (or any of the parent directories): .git
2025-07-04 02:10:39.719 [info] > git rev-parse --show-toplevel [3ms]
2025-07-04 02:10:39.719 [info] fatal: not a git repository (or any of the parent directories): .git
2025-07-04 02:10:39.773 [info] > git rev-parse --show-toplevel [6ms]
2025-07-04 02:10:39.773 [info] fatal: not a git repository (or any of the parent directories): .git
2025-07-04 02:10:39.821 [info] > git rev-parse --show-toplevel [4ms]
2025-07-04 02:10:39.821 [info] fatal: not a git repository (or any of the parent directories): .git
2025-07-04 02:10:39.864 [info] > git rev-parse --show-toplevel [2ms]
2025-07-04 02:10:39.864 [info] fatal: not a git repository (or any of the parent directories): .git
2025-07-04 02:10:39.917 [info] > git rev-parse --show-toplevel [7ms]
2025-07-04 02:10:39.917 [info] fatal: not a git repository (or any of the parent directories): .git
2025-07-04 02:10:39.968 [info] > git rev-parse --show-toplevel [6ms]
2025-07-04 02:10:39.968 [info] fatal: not a git repository (or any of the parent directories): .git
2025-07-04 02:10:40.022 [info] > git rev-parse --show-toplevel [7ms]
2025-07-04 02:10:40.022 [info] fatal: not a git repository (or any of the parent directories): .git
2025-07-04 02:10:40.073 [info] > git rev-parse --show-toplevel [4ms]
2025-07-04 02:10:40.073 [info] fatal: not a git repository (or any of the parent directories): .git
2025-07-04 02:10:40.136 [info] > git rev-parse --show-toplevel [4ms]
2025-07-04 02:10:40.136 [info] fatal: not a git repository (or any of the parent directories): .git
2025-07-04 02:10:40.184 [info] > git rev-parse --show-toplevel [1ms]
2025-07-04 02:10:40.184 [info] fatal: not a git repository (or any of the parent directories): .git
2025-07-04 02:10:40.235 [info] > git rev-parse --show-toplevel [1ms]
2025-07-04 02:10:40.235 [info] fatal: not a git repository (or any of the parent directories): .git
2025-07-04 02:10:40.272 [info] > git rev-parse --show-toplevel [3ms]
2025-07-04 02:10:40.272 [info] fatal: not a git repository (or any of the parent directories): .git
2025-07-04 02:10:47.336 [info] > git rev-parse --show-toplevel [3ms]
2025-07-04 02:10:47.336 [info] fatal: not a git repository (or any of the parent directories): .git
2025-07-04 02:10:47.394 [info] > git rev-parse --show-toplevel [6ms]
2025-07-04 02:10:47.394 [info] fatal: not a git repository (or any of the parent directories): .git
2025-07-04 02:10:47.447 [info] > git rev-parse --show-toplevel [3ms]
2025-07-04 02:10:47.447 [info] fatal: not a git repository (or any of the parent directories): .git
2025-07-04 02:10:47.487 [info] > git rev-parse --show-toplevel [2ms]
2025-07-04 02:10:47.487 [info] fatal: not a git repository (or any of the parent directories): .git
2025-07-04 02:10:47.537 [info] > git rev-parse --show-toplevel [8ms]
2025-07-04 02:10:47.537 [info] fatal: not a git repository (or any of the parent directories): .git
2025-07-04 02:10:47.709 [info] > git rev-parse --show-toplevel [71ms]
2025-07-04 02:10:47.709 [info] fatal: not a git repository (or any of the parent directories): .git
2025-07-04 02:10:47.757 [info] > git rev-parse --show-toplevel [7ms]
2025-07-04 02:10:47.757 [info] fatal: not a git repository (or any of the parent directories): .git
2025-07-04 02:10:47.797 [info] > git rev-parse --show-toplevel [3ms]
2025-07-04 02:10:47.797 [info] fatal: not a git repository (or any of the parent directories): .git
2025-07-04 02:10:47.838 [info] > git rev-parse --show-toplevel [2ms]
2025-07-04 02:10:47.838 [info] fatal: not a git repository (or any of the parent directories): .git
2025-07-04 02:10:47.876 [info] > git rev-parse --show-toplevel [2ms]
2025-07-04 02:10:47.876 [info] fatal: not a git repository (or any of the parent directories): .git
2025-07-04 02:10:47.911 [info] > git rev-parse --show-toplevel [2ms]
2025-07-04 02:10:47.911 [info] fatal: not a git repository (or any of the parent directories): .git
2025-07-04 02:10:47.945 [info] > git rev-parse --show-toplevel [2ms]
2025-07-04 02:10:47.945 [info] fatal: not a git repository (or any of the parent directories): .git
2025-07-04 02:10:47.983 [info] > git rev-parse --show-toplevel [3ms]
2025-07-04 02:10:47.983 [info] fatal: not a git repository (or any of the parent directories): .git
2025-07-04 02:10:48.046 [info] > git rev-parse --show-toplevel [12ms]
2025-07-04 02:10:48.046 [info] fatal: not a git repository (or any of the parent directories): .git
2025-07-04 02:10:48.114 [info] > git rev-parse --show-toplevel [5ms]
2025-07-04 02:10:48.114 [info] fatal: not a git repository (or any of the parent directories): .git
2025-07-04 02:10:48.158 [info] > git rev-parse --show-toplevel [2ms]
2025-07-04 02:10:48.158 [info] fatal: not a git repository (or any of the parent directories): .git
2025-07-04 02:10:48.196 [info] > git rev-parse --show-toplevel [3ms]
2025-07-04 02:10:48.196 [info] fatal: not a git repository (or any of the parent directories): .git
2025-07-04 02:10:48.234 [info] > git rev-parse --show-toplevel [2ms]
2025-07-04 02:10:48.234 [info] fatal: not a git repository (or any of the parent directories): .git
2025-07-04 02:10:48.277 [info] > git rev-parse --show-toplevel [3ms]
2025-07-04 02:10:48.277 [info] fatal: not a git repository (or any of the parent directories): .git
2025-07-04 02:10:48.318 [info] > git rev-parse --show-toplevel [4ms]
2025-07-04 02:10:48.318 [info] fatal: not a git repository (or any of the parent directories): .git
2025-07-04 02:10:57.112 [info] > git rev-parse --show-toplevel [5ms]
2025-07-04 02:10:57.112 [info] fatal: not a git repository (or any of the parent directories): .git
2025-07-04 02:10:58.294 [info] > git rev-parse --show-toplevel [9ms]
2025-07-04 02:10:58.294 [info] fatal: not a git repository (or any of the parent directories): .git
2025-07-04 02:11:19.262 [info] > git rev-parse --show-toplevel [6ms]
2025-07-04 02:11:19.262 [info] fatal: not a git repository (or any of the parent directories): .git
