[  2367.078] 
X.Org X Server 1.21.1.18
X Protocol Version 11, Revision 0
[  2367.078] Current Operating System: Linux arch-ip 6.15.3-arch1-1 #1 SMP PREEMPT_DYNAMIC Thu, 19 Jun 2025 14:41:19 +0000 x86_64
[  2367.078] Kernel command line: BOOT_IMAGE=/vmlinuz-linux root=UUID=db0dd051-06ec-41e9-8ce3-767833b6577c rw loglevel=3 quiet
[  2367.078]  
[  2367.078] Current version of pixman: 0.46.2
[  2367.078] 	Before reporting problems, check http://wiki.x.org
	to make sure that you have the latest version.
[  2367.078] Markers: (--) probed, (**) from config file, (==) default setting,
	(++) from command line, (!!) notice, (II) informational,
	(WW) warning, (EE) error, (NI) not implemented, (??) unknown.
[  2367.079] (==) Log file: "/home/uhcfn/.local/share/xorg/Xorg.1.log", Time: Thu Jun 26 17:46:51 2025
[  2367.079] (==) Using system config directory "/usr/share/X11/xorg.conf.d"
[  2367.079] (==) No Layout section.  Using the first Screen section.
[  2367.079] (==) No screen section available. Using defaults.
[  2367.079] (**) |-->Screen "Default Screen Section" (0)
[  2367.079] (**) |   |-->Monitor "<default monitor>"
[  2367.079] (==) No monitor specified for screen "Default Screen Section".
	Using a default monitor configuration.
[  2367.079] (**) Allowing byte-swapped clients
[  2367.079] (==) Automatically adding devices
[  2367.079] (==) Automatically enabling devices
[  2367.079] (==) Automatically adding GPU devices
[  2367.079] (==) Automatically binding GPU devices
[  2367.079] (==) Max clients allowed: 256, resource mask: 0x1fffff
[  2367.079] (WW) The directory "/usr/share/fonts/misc" does not exist.
[  2367.079] 	Entry deleted from font path.
[  2367.079] (WW) `fonts.dir' not found (or not valid) in "/usr/share/fonts/TTF".
[  2367.079] 	Entry deleted from font path.
[  2367.079] 	(Run 'mkfontdir' on "/usr/share/fonts/TTF").
[  2367.079] (WW) The directory "/usr/share/fonts/OTF" does not exist.
[  2367.079] 	Entry deleted from font path.
[  2367.079] (WW) The directory "/usr/share/fonts/Type1" does not exist.
[  2367.079] 	Entry deleted from font path.
[  2367.079] (WW) The directory "/usr/share/fonts/100dpi" does not exist.
[  2367.079] 	Entry deleted from font path.
[  2367.079] (WW) The directory "/usr/share/fonts/75dpi" does not exist.
[  2367.079] 	Entry deleted from font path.
[  2367.079] (==) FontPath set to:
	
[  2367.079] (==) ModulePath set to "/usr/lib/xorg/modules"
[  2367.079] (II) The server relies on udev to provide the list of input devices.
	If no devices become available, reconfigure udev or disable AutoAddDevices.
[  2367.079] (II) Module ABI versions:
[  2367.079] 	X.Org ANSI C Emulation: 0.4
[  2367.079] 	X.Org Video Driver: 25.2
[  2367.079] 	X.Org XInput driver : 24.4
[  2367.079] 	X.Org Server Extension : 10.0
[  2367.080] (++) using VT number 1

[  2367.081] (II) systemd-logind: took control of session /org/freedesktop/login1/session/_33
[  2367.083] (II) xfree86: Adding drm device (/dev/dri/card1)
[  2367.083] (II) Platform probe for /sys/devices/pci0000:00/0000:00:02.0/drm/card1
[  2367.083] (II) systemd-logind: got fd for /dev/dri/card1 226:1 fd 13 paused 0
[  2367.088] (--) PCI:*(0@0:2:0) 8086:0046:1025:0487 rev 2, Mem @ 0xb0000000/4194304, 0xa0000000/268435456, I/O @ 0x00003050/8, BIOS @ 0x????????/131072
[  2367.088] (II) LoadModule: "glx"
[  2367.088] (II) Loading /usr/lib/xorg/modules/extensions/libglx.so
[  2367.090] (II) Module glx: vendor="X.Org Foundation"
[  2367.090] 	compiled for 1.21.1.18, module version = 1.0.0
[  2367.090] 	ABI class: X.Org Server Extension, version 10.0
[  2367.090] (==) Matched intel as autoconfigured driver 0
[  2367.090] (==) Matched modesetting as autoconfigured driver 1
[  2367.090] (==) Matched fbdev as autoconfigured driver 2
[  2367.090] (==) Matched vesa as autoconfigured driver 3
[  2367.090] (==) Assigned the driver to the xf86ConfigLayout
[  2367.090] (II) LoadModule: "intel"
[  2367.090] (WW) Warning, couldn't open module intel
[  2367.090] (EE) Failed to load module "intel" (module does not exist, 0)
[  2367.090] (II) LoadModule: "modesetting"
[  2367.091] (II) Loading /usr/lib/xorg/modules/drivers/modesetting_drv.so
[  2367.091] (II) Module modesetting: vendor="X.Org Foundation"
[  2367.091] 	compiled for 1.21.1.18, module version = 1.21.1
[  2367.091] 	Module class: X.Org Video Driver
[  2367.091] 	ABI class: X.Org Video Driver, version 25.2
[  2367.091] (II) LoadModule: "fbdev"
[  2367.091] (WW) Warning, couldn't open module fbdev
[  2367.091] (EE) Failed to load module "fbdev" (module does not exist, 0)
[  2367.091] (II) LoadModule: "vesa"
[  2367.091] (WW) Warning, couldn't open module vesa
[  2367.091] (EE) Failed to load module "vesa" (module does not exist, 0)
[  2367.091] (II) modesetting: Driver for Modesetting Kernel Drivers: kms
[  2367.091] (II) modeset(0): using drv /dev/dri/card1
[  2367.091] (WW) VGA arbiter: cannot open kernel arbiter, no multi-card support
[  2367.092] (II) modeset(0): Creating default Display subsection in Screen section
	"Default Screen Section" for depth/fbbpp 24/32
[  2367.092] (==) modeset(0): Depth 24, (==) framebuffer bpp 32
[  2367.092] (==) modeset(0): RGB weight 888
[  2367.092] (==) modeset(0): Default visual is TrueColor
[  2367.092] (II) Loading sub module "glamoregl"
[  2367.092] (II) LoadModule: "glamoregl"
[  2367.092] (II) Loading /usr/lib/xorg/modules/libglamoregl.so
[  2367.097] (II) Module glamoregl: vendor="X.Org Foundation"
[  2367.097] 	compiled for 1.21.1.18, module version = 1.0.1
[  2367.097] 	ABI class: X.Org ANSI C Emulation, version 0.4
[  2367.154] (II) modeset(0): glamor X acceleration enabled on Mesa Intel(R) HD Graphics (ILK)
[  2367.154] (II) modeset(0): glamor initialized
[  2367.154] (==) modeset(0): VariableRefresh: disabled
[  2367.154] (==) modeset(0): AsyncFlipSecondaries: disabled
[  2367.154] (II) modeset(0): Output LVDS-1 has no monitor section
[  2367.155] (II) modeset(0): Output VGA-1 has no monitor section
[  2367.157] (II) modeset(0): Output HDMI-1 has no monitor section
[  2367.162] (II) modeset(0): Output DP-1 has no monitor section
[  2367.162] (II) modeset(0): EDID for output LVDS-1
[  2367.162] (II) modeset(0): Manufacturer: AUO  Model: 22ec  Serial#: 0
[  2367.162] (II) modeset(0): Year: 2009  Week: 1
[  2367.162] (II) modeset(0): EDID Version: 1.3
[  2367.162] (II) modeset(0): Digital Display Input
[  2367.162] (II) modeset(0): Max Image Size [cm]: horiz.: 34  vert.: 19
[  2367.162] (II) modeset(0): Gamma: 2.20
[  2367.162] (II) modeset(0): No DPMS capabilities specified
[  2367.162] (II) modeset(0): Supported color encodings: RGB 4:4:4 YCrCb 4:4:4 
[  2367.162] (II) modeset(0): First detailed timing is preferred mode
[  2367.162] (II) modeset(0): redX: 0.620 redY: 0.340   greenX: 0.330 greenY: 0.570
[  2367.162] (II) modeset(0): blueX: 0.150 blueY: 0.060   whiteX: 0.313 whiteY: 0.329
[  2367.162] (II) modeset(0): Manufacturer's mask: 0
[  2367.162] (II) modeset(0): Supported detailed timing:
[  2367.162] (II) modeset(0): clock: 69.3 MHz   Image Size:  344 x 193 mm
[  2367.162] (II) modeset(0): h_active: 1366  h_sync: 1398  h_sync_end 1422 h_blank_end 1432 h_border: 0
[  2367.162] (II) modeset(0): v_active: 768  v_sync: 771  v_sync_end 775 v_blanking: 806 v_border: 0
[  2367.162] (II) modeset(0): Unknown vendor-specific block f
[  2367.162] (II) modeset(0):  AUO
[  2367.162] (II) modeset(0):  B156XW02 V2
[  2367.162] (II) modeset(0): EDID (in hex):
[  2367.162] (II) modeset(0): 	00ffffffffffff0006afec2200000000
[  2367.162] (II) modeset(0): 	01130103802213780ac8959e57549226
[  2367.162] (II) modeset(0): 	0f505400000001010101010101010101
[  2367.162] (II) modeset(0): 	010101010101121b5642500026302018
[  2367.162] (II) modeset(0): 	340058c1100000180000000f00000000
[  2367.162] (II) modeset(0): 	00000000000000000020000000fe0041
[  2367.162] (II) modeset(0): 	554f0a202020202020202020000000fe
[  2367.162] (II) modeset(0): 	004231353658573032205632200a00c0
[  2367.162] (II) modeset(0): Printing probed modes for output LVDS-1
[  2367.162] (II) modeset(0): Modeline "1366x768"x60.0   69.30  1366 1398 1422 1432  768 771 775 806 -hsync -vsync (48.4 kHz eP)
[  2367.162] (II) modeset(0): Modeline "1280x720"x120.0  156.12  1280 1376 1512 1744  720 721 724 746 doublescan -hsync +vsync (89.5 kHz d)
[  2367.162] (II) modeset(0): Modeline "1280x720"x120.0  120.75  1280 1304 1320 1360  720 721 724 740 doublescan +hsync -vsync (88.8 kHz d)
[  2367.162] (II) modeset(0): Modeline "1280x720"x59.9   74.50  1280 1344 1472 1664  720 723 728 748 -hsync +vsync (44.8 kHz d)
[  2367.162] (II) modeset(0): Modeline "1280x720"x59.7   63.75  1280 1328 1360 1440  720 723 728 741 +hsync -vsync (44.3 kHz d)
[  2367.162] (II) modeset(0): Modeline "1024x768"x120.1  133.47  1024 1100 1212 1400  768 768 770 794 doublescan -hsync +vsync (95.3 kHz d)
[  2367.162] (II) modeset(0): Modeline "1024x768"x60.0   65.00  1024 1048 1184 1344  768 771 777 806 -hsync -vsync (48.4 kHz d)
[  2367.162] (II) modeset(0): Modeline "960x720"x120.0  117.00  960 1024 1128 1300  720 720 722 750 doublescan -hsync +vsync (90.0 kHz d)
[  2367.162] (II) modeset(0): Modeline "928x696"x120.1  109.15  928 976 1088 1264  696 696 698 719 doublescan -hsync +vsync (86.4 kHz d)
[  2367.162] (II) modeset(0): Modeline "896x672"x120.0  102.40  896 960 1060 1224  672 672 674 697 doublescan -hsync +vsync (83.7 kHz d)
[  2367.162] (II) modeset(0): Modeline "1024x576"x119.9   98.50  1024 1092 1200 1376  576 577 580 597 doublescan -hsync +vsync (71.6 kHz d)
[  2367.162] (II) modeset(0): Modeline "1024x576"x119.9   78.38  1024 1048 1064 1104  576 577 580 592 doublescan +hsync -vsync (71.0 kHz d)
[  2367.162] (II) modeset(0): Modeline "1024x576"x59.9   46.50  1024 1064 1160 1296  576 579 584 599 -hsync +vsync (35.9 kHz d)
[  2367.162] (II) modeset(0): Modeline "1024x576"x59.8   42.00  1024 1072 1104 1184  576 579 584 593 +hsync -vsync (35.5 kHz d)
[  2367.162] (II) modeset(0): Modeline "960x600"x119.9   96.62  960 1028 1128 1296  600 601 604 622 doublescan -hsync +vsync (74.6 kHz d)
[  2367.162] (II) modeset(0): Modeline "960x600"x120.0   77.00  960 984 1000 1040  600 601 604 617 doublescan +hsync -vsync (74.0 kHz d)
[  2367.162] (II) modeset(0): Modeline "960x540"x119.9   86.50  960 1024 1124 1288  540 541 544 560 doublescan -hsync +vsync (67.2 kHz d)
[  2367.162] (II) modeset(0): Modeline "960x540"x120.0   69.25  960 984 1000 1040  540 541 544 555 doublescan +hsync -vsync (66.6 kHz d)
[  2367.162] (II) modeset(0): Modeline "960x540"x59.6   40.75  960 992 1088 1216  540 543 548 562 -hsync +vsync (33.5 kHz d)
[  2367.162] (II) modeset(0): Modeline "960x540"x59.8   37.25  960 1008 1040 1120  540 543 548 556 +hsync -vsync (33.3 kHz d)
[  2367.162] (II) modeset(0): Modeline "800x600"x120.0   81.00  800 832 928 1080  600 600 602 625 doublescan +hsync +vsync (75.0 kHz d)
[  2367.162] (II) modeset(0): Modeline "800x600"x60.3   40.00  800 840 968 1056  600 601 605 628 +hsync +vsync (37.9 kHz d)
[  2367.162] (II) modeset(0): Modeline "800x600"x56.2   36.00  800 824 896 1024  600 601 603 625 +hsync +vsync (35.2 kHz d)
[  2367.162] (II) modeset(0): Modeline "840x525"x120.0   73.12  840 892 980 1120  525 526 529 544 doublescan -hsync +vsync (65.3 kHz d)
[  2367.162] (II) modeset(0): Modeline "840x525"x119.8   59.50  840 864 880 920  525 526 529 540 doublescan +hsync -vsync (64.7 kHz d)
[  2367.162] (II) modeset(0): Modeline "864x486"x59.9   32.50  864 888 968 1072  486 489 494 506 -hsync +vsync (30.3 kHz d)
[  2367.162] (II) modeset(0): Modeline "864x486"x59.6   30.50  864 912 944 1024  486 489 494 500 +hsync -vsync (29.8 kHz d)
[  2367.162] (II) modeset(0): Modeline "700x525"x120.0   61.00  700 744 820 940  525 526 532 541 doublescan +hsync +vsync (64.9 kHz d)
[  2367.162] (II) modeset(0): Modeline "800x450"x119.9   59.12  800 848 928 1056  450 451 454 467 doublescan -hsync +vsync (56.0 kHz d)
[  2367.162] (II) modeset(0): Modeline "800x450"x119.6   48.75  800 824 840 880  450 451 454 463 doublescan +hsync -vsync (55.4 kHz d)
[  2367.162] (II) modeset(0): Modeline "640x512"x120.0   54.00  640 664 720 844  512 512 514 533 doublescan +hsync +vsync (64.0 kHz d)
[  2367.162] (II) modeset(0): Modeline "700x450"x119.9   51.75  700 740 812 924  450 451 456 467 doublescan -hsync +vsync (56.0 kHz d)
[  2367.162] (II) modeset(0): Modeline "700x450"x119.8   43.25  700 724 740 780  450 451 456 463 doublescan +hsync -vsync (55.4 kHz d)
[  2367.162] (II) modeset(0): Modeline "640x480"x120.0   54.00  640 688 744 900  480 480 482 500 doublescan +hsync +vsync (60.0 kHz d)
[  2367.162] (II) modeset(0): Modeline "640x480"x59.9   25.18  640 656 752 800  480 490 492 525 -hsync -vsync (31.5 kHz d)
[  2367.163] (II) modeset(0): Modeline "720x405"x59.5   22.50  720 744 808 896  405 408 413 422 -hsync +vsync (25.1 kHz d)
[  2367.163] (II) modeset(0): Modeline "720x405"x59.0   21.75  720 768 800 880  405 408 413 419 +hsync -vsync (24.7 kHz d)
[  2367.163] (II) modeset(0): Modeline "684x384"x119.8   42.62  684 720 788 892  384 385 390 399 doublescan -hsync +vsync (47.8 kHz d)
[  2367.163] (II) modeset(0): Modeline "684x384"x119.7   36.12  684 708 724 764  384 385 390 395 doublescan +hsync -vsync (47.3 kHz d)
[  2367.163] (II) modeset(0): Modeline "640x400"x119.8   41.75  640 676 740 840  400 401 404 415 doublescan -hsync +vsync (49.7 kHz d)
[  2367.163] (II) modeset(0): Modeline "640x400"x120.0   35.50  640 664 680 720  400 401 404 411 doublescan +hsync -vsync (49.3 kHz d)
[  2367.163] (II) modeset(0): Modeline "640x360"x119.7   37.25  640 672 736 832  360 361 364 374 doublescan -hsync +vsync (44.8 kHz d)
[  2367.163] (II) modeset(0): Modeline "640x360"x119.7   31.88  640 664 680 720  360 361 364 370 doublescan +hsync -vsync (44.3 kHz d)
[  2367.163] (II) modeset(0): Modeline "640x360"x59.8   18.00  640 664 720 800  360 363 368 376 -hsync +vsync (22.5 kHz d)
[  2367.163] (II) modeset(0): Modeline "640x360"x59.3   17.75  640 688 720 800  360 363 368 374 +hsync -vsync (22.2 kHz d)
[  2367.163] (II) modeset(0): Modeline "512x384"x120.0   32.50  512 524 592 672  384 385 388 403 doublescan -hsync -vsync (48.4 kHz d)
[  2367.163] (II) modeset(0): Modeline "512x288"x120.0   23.25  512 532 580 648  288 289 292 299 doublescan -hsync +vsync (35.9 kHz d)
[  2367.163] (II) modeset(0): Modeline "512x288"x119.8   21.00  512 536 552 592  288 289 292 296 doublescan +hsync -vsync (35.5 kHz d)
[  2367.163] (II) modeset(0): Modeline "480x270"x119.3   20.38  480 496 544 608  270 271 274 281 doublescan -hsync +vsync (33.5 kHz d)
[  2367.163] (II) modeset(0): Modeline "480x270"x119.6   18.62  480 504 520 560  270 271 274 278 doublescan +hsync -vsync (33.3 kHz d)
[  2367.163] (II) modeset(0): Modeline "400x300"x120.6   20.00  400 420 484 528  300 300 302 314 doublescan +hsync +vsync (37.9 kHz d)
[  2367.163] (II) modeset(0): Modeline "400x300"x112.7   18.00  400 412 448 512  300 300 301 312 doublescan +hsync +vsync (35.2 kHz d)
[  2367.163] (II) modeset(0): Modeline "432x243"x119.8   16.25  432 444 484 536  243 244 247 253 doublescan -hsync +vsync (30.3 kHz d)
[  2367.163] (II) modeset(0): Modeline "432x243"x119.1   15.25  432 456 472 512  243 244 247 250 doublescan +hsync -vsync (29.8 kHz d)
[  2367.163] (II) modeset(0): Modeline "320x240"x120.1   12.59  320 328 376 400  240 245 246 262 doublescan -hsync -vsync (31.5 kHz d)
[  2367.163] (II) modeset(0): Modeline "360x202"x119.0   11.25  360 372 404 448  202 204 206 211 doublescan -hsync +vsync (25.1 kHz d)
[  2367.163] (II) modeset(0): Modeline "360x202"x118.3   10.88  360 384 400 440  202 204 206 209 doublescan +hsync -vsync (24.7 kHz d)
[  2367.163] (II) modeset(0): Modeline "320x180"x119.7    9.00  320 332 360 400  180 181 184 188 doublescan -hsync +vsync (22.5 kHz d)
[  2367.163] (II) modeset(0): Modeline "320x180"x118.6    8.88  320 344 360 400  180 181 184 187 doublescan +hsync -vsync (22.2 kHz d)
[  2367.164] (II) modeset(0): EDID for output VGA-1
[  2367.165] (II) modeset(0): EDID for output HDMI-1
[  2367.170] (II) modeset(0): EDID for output DP-1
[  2367.170] (II) modeset(0): Output LVDS-1 connected
[  2367.170] (II) modeset(0): Output VGA-1 disconnected
[  2367.170] (II) modeset(0): Output HDMI-1 disconnected
[  2367.170] (II) modeset(0): Output DP-1 disconnected
[  2367.170] (II) modeset(0): Using exact sizes for initial modes
[  2367.170] (II) modeset(0): Output LVDS-1 using initial mode 1366x768 +0+0
[  2367.170] (==) modeset(0): Using gamma correction (1.0, 1.0, 1.0)
[  2367.170] (==) modeset(0): DPI set to (96, 96)
[  2367.170] (II) Loading sub module "fb"
[  2367.170] (II) LoadModule: "fb"
[  2367.170] (II) Module "fb" already built-in
[  2367.208] (==) modeset(0): Backing store enabled
[  2367.208] (==) modeset(0): Silken mouse enabled
[  2367.235] (II) modeset(0): Initializing kms color map for depth 24, 8 bpc.
[  2367.235] (==) modeset(0): DPMS enabled
[  2367.235] (II) modeset(0): [DRI2] Setup complete
[  2367.235] (II) modeset(0): [DRI2]   DRI driver: crocus
[  2367.235] (II) modeset(0): [DRI2]   VDPAU driver: va_gl
[  2367.235] (II) Initializing extension Generic Event Extension
[  2367.235] (II) Initializing extension SHAPE
[  2367.235] (II) Initializing extension MIT-SHM
[  2367.235] (II) Initializing extension XInputExtension
[  2367.235] (II) Initializing extension XTEST
[  2367.236] (II) Initializing extension BIG-REQUESTS
[  2367.236] (II) Initializing extension SYNC
[  2367.236] (II) Initializing extension XKEYBOARD
[  2367.236] (II) Initializing extension XC-MISC
[  2367.236] (II) Initializing extension SECURITY
[  2367.236] (II) Initializing extension XFIXES
[  2367.236] (II) Initializing extension RENDER
[  2367.237] (II) Initializing extension RANDR
[  2367.237] (II) Initializing extension COMPOSITE
[  2367.237] (II) Initializing extension DAMAGE
[  2367.237] (II) Initializing extension MIT-SCREEN-SAVER
[  2367.237] (II) Initializing extension DOUBLE-BUFFER
[  2367.237] (II) Initializing extension RECORD
[  2367.237] (II) Initializing extension DPMS
[  2367.238] (II) Initializing extension Present
[  2367.238] (II) Initializing extension DRI3
[  2367.238] (II) Initializing extension X-Resource
[  2367.238] (II) Initializing extension XVideo
[  2367.238] (II) Initializing extension XVideo-MotionCompensation
[  2367.238] (II) Initializing extension GLX
[  2367.250] (II) AIGLX: Loaded and initialized crocus
[  2367.250] (II) GLX: Initialized DRI2 GL provider for screen 0
[  2367.250] (II) Initializing extension XFree86-VidModeExtension
[  2367.250] (II) Initializing extension XFree86-DGA
[  2367.251] (II) Initializing extension XFree86-DRI
[  2367.251] (II) Initializing extension DRI2
[  2367.251] (II) modeset(0): Damage tracking initialized
[  2367.251] (II) modeset(0): Setting screen physical size to 361 x 203
[  2367.324] (II) config/udev: Adding input device Power Button (/dev/input/event3)
[  2367.324] (**) Power Button: Applying InputClass "libinput keyboard catchall"
[  2367.324] (II) LoadModule: "libinput"
[  2367.324] (II) Loading /usr/lib/xorg/modules/input/libinput_drv.so
[  2367.327] (II) Module libinput: vendor="X.Org Foundation"
[  2367.327] 	compiled for 1.21.1.13, module version = 1.5.0
[  2367.327] 	Module class: X.Org XInput Driver
[  2367.327] 	ABI class: X.Org XInput driver, version 24.4
[  2367.327] (II) Using input driver 'libinput' for 'Power Button'
[  2367.329] (II) systemd-logind: got fd for /dev/input/event3 13:67 fd 25 paused 0
[  2367.329] (**) Power Button: always reports core events
[  2367.329] (**) Option "Device" "/dev/input/event3"
[  2367.332] (II) event3  - Power Button: is tagged by udev as: Keyboard
[  2367.332] (II) event3  - Power Button: device is a keyboard
[  2367.332] (II) event3  - Power Button: device removed
[  2367.332] (**) Option "config_info" "udev:/sys/devices/LNXSYSTM:00/LNXPWRBN:00/input/input3/event3"
[  2367.332] (II) XINPUT: Adding extended input device "Power Button" (type: KEYBOARD, id 6)
[  2367.334] (II) event3  - Power Button: is tagged by udev as: Keyboard
[  2367.334] (II) event3  - Power Button: device is a keyboard
[  2367.335] (II) config/udev: Adding input device Video Bus (/dev/input/event5)
[  2367.335] (**) Video Bus: Applying InputClass "libinput keyboard catchall"
[  2367.335] (II) Using input driver 'libinput' for 'Video Bus'
[  2367.336] (II) systemd-logind: got fd for /dev/input/event5 13:69 fd 28 paused 0
[  2367.336] (**) Video Bus: always reports core events
[  2367.336] (**) Option "Device" "/dev/input/event5"
[  2367.338] (II) event5  - Video Bus: is tagged by udev as: Keyboard
[  2367.338] (II) event5  - Video Bus: device is a keyboard
[  2367.338] (II) event5  - Video Bus: device removed
[  2367.338] (**) Option "config_info" "udev:/sys/devices/LNXSYSTM:00/LNXSYBUS:00/PNP0A08:00/LNXVIDEO:00/input/input6/event5"
[  2367.338] (II) XINPUT: Adding extended input device "Video Bus" (type: KEYBOARD, id 7)
[  2367.340] (II) event5  - Video Bus: is tagged by udev as: Keyboard
[  2367.340] (II) event5  - Video Bus: device is a keyboard
[  2367.341] (II) config/udev: Adding input device Power Button (/dev/input/event0)
[  2367.341] (**) Power Button: Applying InputClass "libinput keyboard catchall"
[  2367.341] (II) Using input driver 'libinput' for 'Power Button'
[  2367.342] (II) systemd-logind: got fd for /dev/input/event0 13:64 fd 29 paused 0
[  2367.342] (**) Power Button: always reports core events
[  2367.342] (**) Option "Device" "/dev/input/event0"
[  2367.344] (II) event0  - Power Button: is tagged by udev as: Keyboard
[  2367.344] (II) event0  - Power Button: device is a keyboard
[  2367.344] (II) event0  - Power Button: device removed
[  2367.344] (**) Option "config_info" "udev:/sys/devices/LNXSYSTM:00/LNXSYBUS:00/PNP0A08:00/device:10/PNP0C0C:00/input/input0/event0"
[  2367.344] (II) XINPUT: Adding extended input device "Power Button" (type: KEYBOARD, id 8)
[  2367.346] (II) event0  - Power Button: is tagged by udev as: Keyboard
[  2367.346] (II) event0  - Power Button: device is a keyboard
[  2367.347] (II) config/udev: Adding input device Lid Switch (/dev/input/event1)
[  2367.347] (II) No input driver specified, ignoring this device.
[  2367.347] (II) This device may have been added with another device file.
[  2367.348] (II) config/udev: Adding input device Sleep Button (/dev/input/event2)
[  2367.348] (**) Sleep Button: Applying InputClass "libinput keyboard catchall"
[  2367.348] (II) Using input driver 'libinput' for 'Sleep Button'
[  2367.349] (II) systemd-logind: got fd for /dev/input/event2 13:66 fd 30 paused 0
[  2367.349] (**) Sleep Button: always reports core events
[  2367.349] (**) Option "Device" "/dev/input/event2"
[  2367.350] (II) event2  - Sleep Button: is tagged by udev as: Keyboard
[  2367.351] (II) event2  - Sleep Button: device is a keyboard
[  2367.351] (II) event2  - Sleep Button: device removed
[  2367.351] (**) Option "config_info" "udev:/sys/devices/LNXSYSTM:00/LNXSYBUS:00/PNP0A08:00/device:10/PNP0C0E:00/input/input2/event2"
[  2367.351] (II) XINPUT: Adding extended input device "Sleep Button" (type: KEYBOARD, id 9)
[  2367.353] (II) event2  - Sleep Button: is tagged by udev as: Keyboard
[  2367.353] (II) event2  - Sleep Button: device is a keyboard
[  2367.354] (II) config/udev: Adding input device HDA Intel MID Mic (/dev/input/event8)
[  2367.354] (II) No input driver specified, ignoring this device.
[  2367.354] (II) This device may have been added with another device file.
[  2367.355] (II) config/udev: Adding input device HDA Intel MID Headphone (/dev/input/event9)
[  2367.355] (II) No input driver specified, ignoring this device.
[  2367.355] (II) This device may have been added with another device file.
[  2367.355] (II) config/udev: Adding input device HDA Intel MID HDMI/DP,pcm=3 (/dev/input/event10)
[  2367.355] (II) No input driver specified, ignoring this device.
[  2367.355] (II) This device may have been added with another device file.
[  2367.356] (II) config/udev: Adding input device AT Translated Set 2 keyboard (/dev/input/event4)
[  2367.356] (**) AT Translated Set 2 keyboard: Applying InputClass "libinput keyboard catchall"
[  2367.356] (II) Using input driver 'libinput' for 'AT Translated Set 2 keyboard'
[  2367.357] (II) systemd-logind: got fd for /dev/input/event4 13:68 fd 31 paused 0
[  2367.357] (**) AT Translated Set 2 keyboard: always reports core events
[  2367.357] (**) Option "Device" "/dev/input/event4"
[  2367.359] (II) event4  - AT Translated Set 2 keyboard: is tagged by udev as: Keyboard
[  2367.359] (II) event4  - AT Translated Set 2 keyboard: device is a keyboard
[  2367.360] (II) event4  - AT Translated Set 2 keyboard: device removed
[  2367.360] (**) Option "config_info" "udev:/sys/devices/platform/i8042/serio0/input/input4/event4"
[  2367.360] (II) XINPUT: Adding extended input device "AT Translated Set 2 keyboard" (type: KEYBOARD, id 10)
[  2367.361] (II) event4  - AT Translated Set 2 keyboard: is tagged by udev as: Keyboard
[  2367.361] (II) event4  - AT Translated Set 2 keyboard: device is a keyboard
[  2367.363] (II) config/udev: Adding input device SynPS/2 Synaptics TouchPad (/dev/input/event11)
[  2367.363] (**) SynPS/2 Synaptics TouchPad: Applying InputClass "libinput touchpad catchall"
[  2367.363] (II) Using input driver 'libinput' for 'SynPS/2 Synaptics TouchPad'
[  2367.364] (II) systemd-logind: got fd for /dev/input/event11 13:75 fd 32 paused 0
[  2367.364] (**) SynPS/2 Synaptics TouchPad: always reports core events
[  2367.364] (**) Option "Device" "/dev/input/event11"
[  2367.365] (II) event11 - SynPS/2 Synaptics TouchPad: is tagged by udev as: Touchpad
[  2367.367] (II) event11 - SynPS/2 Synaptics TouchPad: device is a touchpad
[  2367.368] (II) event11 - SynPS/2 Synaptics TouchPad: device removed
[  2367.368] (II) libinput: SynPS/2 Synaptics TouchPad: Step value 0 was provided, libinput Fallback acceleration function is used.
[  2367.368] (II) libinput: SynPS/2 Synaptics TouchPad: Step value 0 was provided, libinput Fallback acceleration function is used.
[  2367.368] (II) libinput: SynPS/2 Synaptics TouchPad: Step value 0 was provided, libinput Fallback acceleration function is used.
[  2367.368] (**) Option "config_info" "udev:/sys/devices/platform/i8042/serio1/input/input8/event11"
[  2367.368] (II) XINPUT: Adding extended input device "SynPS/2 Synaptics TouchPad" (type: TOUCHPAD, id 11)
[  2367.370] (**) Option "AccelerationScheme" "none"
[  2367.370] (**) SynPS/2 Synaptics TouchPad: (accel) selected scheme none/0
[  2367.370] (**) SynPS/2 Synaptics TouchPad: (accel) acceleration factor: 2.000
[  2367.370] (**) SynPS/2 Synaptics TouchPad: (accel) acceleration threshold: 4
[  2367.371] (II) event11 - SynPS/2 Synaptics TouchPad: is tagged by udev as: Touchpad
[  2367.373] (II) event11 - SynPS/2 Synaptics TouchPad: device is a touchpad
[  2367.374] (II) config/udev: Adding input device SynPS/2 Synaptics TouchPad (/dev/input/mouse0)
[  2367.374] (II) No input driver specified, ignoring this device.
[  2367.374] (II) This device may have been added with another device file.
[  2367.374] (II) config/udev: Adding input device PC Speaker (/dev/input/event6)
[  2367.374] (II) No input driver specified, ignoring this device.
[  2367.374] (II) This device may have been added with another device file.
[  2367.379] (II) config/udev: Adding input device Acer WMI hotkeys (/dev/input/event7)
[  2367.379] (**) Acer WMI hotkeys: Applying InputClass "libinput keyboard catchall"
[  2367.379] (II) Using input driver 'libinput' for 'Acer WMI hotkeys'
[  2367.380] (II) systemd-logind: got fd for /dev/input/event7 13:71 fd 33 paused 0
[  2367.380] (**) Acer WMI hotkeys: always reports core events
[  2367.380] (**) Option "Device" "/dev/input/event7"
[  2367.381] (II) event7  - Acer WMI hotkeys: is tagged by udev as: Keyboard
[  2367.381] (II) event7  - Acer WMI hotkeys: device is a keyboard
[  2367.381] (II) event7  - Acer WMI hotkeys: device removed
[  2367.381] (**) Option "config_info" "udev:/sys/devices/virtual/input/input9/event7"
[  2367.381] (II) XINPUT: Adding extended input device "Acer WMI hotkeys" (type: KEYBOARD, id 12)
[  2367.382] (II) event7  - Acer WMI hotkeys: is tagged by udev as: Keyboard
[  2367.383] (II) event7  - Acer WMI hotkeys: device is a keyboard
[  2367.451] (II) modeset(0): EDID vendor "AUO", prod id 8940
[  2367.451] (II) modeset(0): Printing DDC gathered Modelines:
[  2367.451] (II) modeset(0): Modeline "1366x768"x0.0   69.30  1366 1398 1422 1432  768 771 775 806 -hsync -vsync (48.4 kHz eP)
[  2483.294] (II) Axis 0x1 value 1209 is outside expected range [1224, 5269]
See https://wayland.freedesktop.org/libinput/doc/1.28.1/absolute_coordinate_ranges.html for details
[  2621.221] (II) modeset(0): EDID vendor "AUO", prod id 8940
[  2621.221] (II) modeset(0): Printing DDC gathered Modelines:
[  2621.221] (II) modeset(0): Modeline "1366x768"x0.0   69.30  1366 1398 1422 1432  768 771 775 806 -hsync -vsync (48.4 kHz eP)
[  2634.897] (II) modeset(0): EDID vendor "AUO", prod id 8940
[  2634.897] (II) modeset(0): Printing DDC gathered Modelines:
[  2634.897] (II) modeset(0): Modeline "1366x768"x0.0   69.30  1366 1398 1422 1432  768 771 775 806 -hsync -vsync (48.4 kHz eP)
[  2720.870] (II) modeset(0): EDID vendor "AUO", prod id 8940
[  2720.870] (II) modeset(0): Printing DDC gathered Modelines:
[  2720.870] (II) modeset(0): Modeline "1366x768"x0.0   69.30  1366 1398 1422 1432  768 771 775 806 -hsync -vsync (48.4 kHz eP)
[  2727.816] (II) modeset(0): EDID vendor "AUO", prod id 8940
[  2727.816] (II) modeset(0): Printing DDC gathered Modelines:
[  2727.816] (II) modeset(0): Modeline "1366x768"x0.0   69.30  1366 1398 1422 1432  768 771 775 806 -hsync -vsync (48.4 kHz eP)
[  2769.178] (II) modeset(0): EDID vendor "AUO", prod id 8940
[  2769.179] (II) modeset(0): Printing DDC gathered Modelines:
[  2769.179] (II) modeset(0): Modeline "1366x768"x0.0   69.30  1366 1398 1422 1432  768 771 775 806 -hsync -vsync (48.4 kHz eP)
[  2785.104] (II) modeset(0): EDID vendor "AUO", prod id 8940
[  2785.104] (II) modeset(0): Printing DDC gathered Modelines:
[  2785.104] (II) modeset(0): Modeline "1366x768"x0.0   69.30  1366 1398 1422 1432  768 771 775 806 -hsync -vsync (48.4 kHz eP)
[  2844.756] (II) modeset(0): EDID vendor "AUO", prod id 8940
[  2844.756] (II) modeset(0): Printing DDC gathered Modelines:
[  2844.756] (II) modeset(0): Modeline "1366x768"x0.0   69.30  1366 1398 1422 1432  768 771 775 806 -hsync -vsync (48.4 kHz eP)
[  2853.219] (II) modeset(0): EDID vendor "AUO", prod id 8940
[  2853.219] (II) modeset(0): Printing DDC gathered Modelines:
[  2853.219] (II) modeset(0): Modeline "1366x768"x0.0   69.30  1366 1398 1422 1432  768 771 775 806 -hsync -vsync (48.4 kHz eP)
[  2871.476] (II) modeset(0): EDID vendor "AUO", prod id 8940
[  2871.476] (II) modeset(0): Printing DDC gathered Modelines:
[  2871.476] (II) modeset(0): Modeline "1366x768"x0.0   69.30  1366 1398 1422 1432  768 771 775 806 -hsync -vsync (48.4 kHz eP)
[  2880.988] (II) modeset(0): EDID vendor "AUO", prod id 8940
[  2880.988] (II) modeset(0): Printing DDC gathered Modelines:
[  2880.988] (II) modeset(0): Modeline "1366x768"x0.0   69.30  1366 1398 1422 1432  768 771 775 806 -hsync -vsync (48.4 kHz eP)
[  2893.698] (II) modeset(0): EDID vendor "AUO", prod id 8940
[  2893.698] (II) modeset(0): Printing DDC gathered Modelines:
[  2893.698] (II) modeset(0): Modeline "1366x768"x0.0   69.30  1366 1398 1422 1432  768 771 775 806 -hsync -vsync (48.4 kHz eP)
[  2921.700] (II) modeset(0): EDID vendor "AUO", prod id 8940
[  2921.700] (II) modeset(0): Printing DDC gathered Modelines:
[  2921.700] (II) modeset(0): Modeline "1366x768"x0.0   69.30  1366 1398 1422 1432  768 771 775 806 -hsync -vsync (48.4 kHz eP)
[  3344.451] (II) modeset(0): EDID vendor "AUO", prod id 8940
[  3344.451] (II) modeset(0): Printing DDC gathered Modelines:
[  3344.451] (II) modeset(0): Modeline "1366x768"x0.0   69.30  1366 1398 1422 1432  768 771 775 806 -hsync -vsync (48.4 kHz eP)
[  3363.441] (II) modeset(0): EDID vendor "AUO", prod id 8940
[  3363.441] (II) modeset(0): Printing DDC gathered Modelines:
[  3363.441] (II) modeset(0): Modeline "1366x768"x0.0   69.30  1366 1398 1422 1432  768 771 775 806 -hsync -vsync (48.4 kHz eP)
[  3554.793] (II) modeset(0): EDID vendor "AUO", prod id 8940
[  3554.793] (II) modeset(0): Printing DDC gathered Modelines:
[  3554.793] (II) modeset(0): Modeline "1366x768"x0.0   69.30  1366 1398 1422 1432  768 771 775 806 -hsync -vsync (48.4 kHz eP)
[  3565.104] (II) modeset(0): EDID vendor "AUO", prod id 8940
[  3565.104] (II) modeset(0): Printing DDC gathered Modelines:
[  3565.104] (II) modeset(0): Modeline "1366x768"x0.0   69.30  1366 1398 1422 1432  768 771 775 806 -hsync -vsync (48.4 kHz eP)
[  3573.234] (II) modeset(0): EDID vendor "AUO", prod id 8940
[  3573.234] (II) modeset(0): Printing DDC gathered Modelines:
[  3573.234] (II) modeset(0): Modeline "1366x768"x0.0   69.30  1366 1398 1422 1432  768 771 775 806 -hsync -vsync (48.4 kHz eP)
[  3706.515] (II) modeset(0): EDID vendor "AUO", prod id 8940
[  3706.515] (II) modeset(0): Printing DDC gathered Modelines:
[  3706.515] (II) modeset(0): Modeline "1366x768"x0.0   69.30  1366 1398 1422 1432  768 771 775 806 -hsync -vsync (48.4 kHz eP)
[  4067.647] (II) modeset(0): EDID vendor "AUO", prod id 8940
[  4067.647] (II) modeset(0): Printing DDC gathered Modelines:
[  4067.647] (II) modeset(0): Modeline "1366x768"x0.0   69.30  1366 1398 1422 1432  768 771 775 806 -hsync -vsync (48.4 kHz eP)
[  5321.755] (II) modeset(0): EDID vendor "AUO", prod id 8940
[  5321.755] (II) modeset(0): Printing DDC gathered Modelines:
[  5321.755] (II) modeset(0): Modeline "1366x768"x0.0   69.30  1366 1398 1422 1432  768 771 775 806 -hsync -vsync (48.4 kHz eP)
[  5495.952] (II) Axis 0x1 value 1063 is outside expected range [1224, 5269]
See https://wayland.freedesktop.org/libinput/doc/1.28.1/absolute_coordinate_ranges.html for details
