2025-06-28 17:48:10.736 [info] Reading sessions from keychain...
2025-06-28 17:48:10.736 [info] Getting sessions for all scopes...
2025-06-28 17:48:10.736 [info] Getting sessions for all scopes...
2025-06-28 17:48:10.736 [info] Getting sessions for all scopes...
2025-06-28 17:48:10.736 [info] Getting sessions for all scopes...
2025-06-28 17:48:10.736 [info] Getting sessions for all scopes...
2025-06-28 17:48:10.736 [info] Getting sessions for all scopes...
2025-06-28 17:48:10.736 [info] Getting sessions for all scopes...
2025-06-28 17:48:10.736 [info] Got stored sessions!
2025-06-28 17:48:10.736 [info] Got 1 verified sessions.
2025-06-28 17:48:10.736 [info] Got 1 sessions for ...
2025-06-28 17:48:10.736 [info] Got 1 sessions for ...
2025-06-28 17:48:10.736 [info] Got 1 sessions for ...
2025-06-28 17:48:10.736 [info] Got 1 sessions for ...
2025-06-28 17:48:10.736 [info] Got 1 sessions for ...
2025-06-28 17:48:10.736 [info] Got 1 sessions for ...
2025-06-28 17:48:10.736 [info] Got 1 sessions for ...
2025-06-28 17:48:10.768 [info] Getting sessions for all scopes...
2025-06-28 17:48:10.768 [info] Got 1 sessions for ...
2025-06-28 17:48:10.769 [info] Getting sessions for all scopes...
2025-06-28 17:48:10.769 [info] Got 1 sessions for ...
2025-06-28 17:48:10.769 [info] Getting sessions for all scopes...
2025-06-28 17:48:10.769 [info] Got 1 sessions for ...
2025-06-28 17:48:10.770 [info] Getting sessions for all scopes...
2025-06-28 17:48:10.770 [info] Got 1 sessions for ...
2025-06-28 17:48:10.770 [info] Getting sessions for all scopes...
2025-06-28 17:48:10.770 [info] Got 1 sessions for ...
2025-06-28 17:48:10.771 [info] Getting sessions for all scopes...
2025-06-28 17:48:10.771 [info] Got 1 sessions for ...
2025-06-28 17:48:11.455 [info] Getting sessions for all scopes...
2025-06-28 17:48:11.455 [info] Got 1 sessions for ...
2025-06-28 17:48:16.669 [info] Getting sessions for all scopes...
2025-06-28 17:48:16.669 [info] Got 1 sessions for ...
2025-06-28 17:48:16.722 [info] Getting sessions for all scopes...
2025-06-28 17:48:16.722 [info] Got 1 sessions for ...
2025-06-28 17:48:18.009 [info] Getting sessions for all scopes...
2025-06-28 17:48:18.009 [info] Got 1 sessions for ...
2025-06-28 17:48:18.010 [info] Getting sessions for all scopes...
2025-06-28 17:48:18.010 [info] Got 1 sessions for ...
2025-06-28 17:48:18.076 [info] Getting sessions for all scopes...
2025-06-28 17:48:18.076 [info] Got 1 sessions for ...
2025-06-28 17:48:19.073 [info] Getting sessions for all scopes...
2025-06-28 17:48:19.073 [info] Got 1 sessions for ...
2025-06-28 17:48:19.073 [info] Getting sessions for read:user,repo,user:email,workflow...
2025-06-28 17:48:19.073 [info] Got 0 sessions for read:user,repo,user:email,workflow...
2025-06-28 17:48:19.176 [info] Getting sessions for read:user,repo,user:email,workflow...
2025-06-28 17:48:19.176 [info] Got 0 sessions for read:user,repo,user:email,workflow...
2025-06-28 17:48:19.348 [info] Getting sessions for read:user...
2025-06-28 17:48:19.348 [info] Got 0 sessions for read:user...
2025-06-28 17:48:19.388 [info] Getting sessions for user:email...
2025-06-28 17:48:19.388 [info] Got 1 sessions for user:email...
2025-06-28 17:48:19.389 [info] Getting sessions for read:user,repo,user:email,workflow...
2025-06-28 17:48:19.389 [info] Got 0 sessions for read:user,repo,user:email,workflow...
2025-06-28 17:48:20.191 [info] Getting sessions for user:email...
2025-06-28 17:48:20.191 [info] Got 1 sessions for user:email...
2025-06-28 17:48:20.256 [info] Getting sessions for all scopes...
2025-06-28 17:48:20.256 [info] Got 1 sessions for ...
2025-06-28 17:48:20.540 [info] Getting sessions for read:user,repo,user:email,workflow...
2025-06-28 17:48:20.540 [info] Got 0 sessions for read:user,repo,user:email,workflow...
2025-06-28 17:48:20.843 [info] Getting sessions for user:email...
2025-06-28 17:48:20.843 [info] Got 1 sessions for user:email...
2025-06-28 17:48:20.909 [info] Getting sessions for all scopes...
2025-06-28 17:48:20.909 [info] Got 1 sessions for ...
2025-06-28 17:48:20.967 [info] Getting sessions for read:user,repo,user:email,workflow...
2025-06-28 17:48:20.967 [info] Got 0 sessions for read:user,repo,user:email,workflow...
2025-06-28 17:48:21.123 [info] Getting sessions for all scopes...
2025-06-28 17:48:21.124 [info] Got 1 sessions for ...
2025-06-28 17:48:21.126 [info] Getting sessions for user:email...
2025-06-28 17:48:21.126 [info] Got 1 sessions for user:email...
2025-06-28 17:48:21.195 [info] Getting sessions for read:user,repo,user:email,workflow...
2025-06-28 17:48:21.195 [info] Got 0 sessions for read:user,repo,user:email,workflow...
2025-06-28 17:48:21.266 [info] Getting sessions for user:email...
2025-06-28 17:48:21.267 [info] Got 1 sessions for user:email...
2025-06-28 17:48:27.639 [info] Getting sessions for all scopes...
2025-06-28 17:48:27.639 [info] Got 1 sessions for ...
2025-06-28 17:48:27.640 [info] Getting sessions for all scopes...
2025-06-28 17:48:27.640 [info] Got 1 sessions for ...
2025-06-28 17:48:27.678 [info] Getting sessions for read:user,repo,user:email,workflow...
2025-06-28 17:48:27.678 [info] Got 0 sessions for read:user,repo,user:email,workflow...
2025-06-28 17:48:27.681 [info] Getting sessions for user:email...
2025-06-28 17:48:27.681 [info] Got 1 sessions for user:email...
2025-06-28 17:48:27.681 [info] Getting sessions for read:user,repo,user:email,workflow...
2025-06-28 17:48:27.681 [info] Got 0 sessions for read:user,repo,user:email,workflow...
2025-06-28 17:48:27.687 [info] Getting sessions for all scopes...
2025-06-28 17:48:27.687 [info] Got 1 sessions for ...
2025-06-28 17:48:27.689 [info] Getting sessions for read:user,repo,user:email,workflow...
2025-06-28 17:48:27.689 [info] Got 0 sessions for read:user,repo,user:email,workflow...
2025-06-28 17:48:27.692 [info] Getting sessions for user:email...
2025-06-28 17:48:27.692 [info] Got 1 sessions for user:email...
2025-06-28 17:48:28.214 [info] Getting sessions for all scopes...
2025-06-28 17:48:28.214 [info] Got 1 sessions for ...
2025-06-28 17:48:28.215 [info] Getting sessions for all scopes...
2025-06-28 17:48:28.215 [info] Got 1 sessions for ...
2025-06-28 17:48:28.225 [info] Getting sessions for read:user,repo,user:email,workflow...
2025-06-28 17:48:28.225 [info] Got 0 sessions for read:user,repo,user:email,workflow...
2025-06-28 17:48:28.227 [info] Getting sessions for user:email...
2025-06-28 17:48:28.227 [info] Got 1 sessions for user:email...
2025-06-28 17:48:28.227 [info] Getting sessions for read:user,repo,user:email,workflow...
2025-06-28 17:48:28.227 [info] Got 0 sessions for read:user,repo,user:email,workflow...
2025-06-28 17:48:28.259 [info] Getting sessions for all scopes...
2025-06-28 17:48:28.259 [info] Got 1 sessions for ...
2025-06-28 17:48:28.270 [info] Getting sessions for all scopes...
2025-06-28 17:48:28.270 [info] Got 1 sessions for ...
2025-06-28 17:48:28.271 [info] Getting sessions for all scopes...
2025-06-28 17:48:28.271 [info] Got 1 sessions for ...
2025-06-28 17:48:28.276 [info] Getting sessions for read:user,repo,user:email,workflow...
2025-06-28 17:48:28.276 [info] Got 0 sessions for read:user,repo,user:email,workflow...
2025-06-28 17:48:28.279 [info] Getting sessions for user:email...
2025-06-28 17:48:28.279 [info] Got 1 sessions for user:email...
2025-06-28 17:48:37.912 [info] Getting sessions for all scopes...
2025-06-28 17:48:37.912 [info] Got 1 sessions for ...
2025-06-28 17:48:37.917 [info] Getting sessions for read:user,repo,user:email,workflow...
2025-06-28 17:48:37.918 [info] Got 0 sessions for read:user,repo,user:email,workflow...
2025-06-28 17:48:37.928 [info] Getting sessions for user:email...
2025-06-28 17:48:37.928 [info] Got 1 sessions for user:email...
2025-06-28 18:00:49.705 [info] Getting sessions for all scopes...
2025-06-28 18:00:49.705 [info] Got 1 sessions for ...
2025-06-28 18:00:49.730 [info] Getting sessions for read:user,repo,user:email,workflow...
2025-06-28 18:00:49.730 [info] Got 0 sessions for read:user,repo,user:email,workflow...
2025-06-28 18:00:49.741 [info] Getting sessions for user:email...
2025-06-28 18:00:49.741 [info] Got 1 sessions for user:email...
2025-06-28 18:01:17.088 [info] Getting sessions for all scopes...
2025-06-28 18:01:17.088 [info] Got 1 sessions for ...
2025-06-28 18:01:17.093 [info] Getting sessions for read:user,repo,user:email,workflow...
2025-06-28 18:01:17.094 [info] Got 0 sessions for read:user,repo,user:email,workflow...
2025-06-28 18:01:17.104 [info] Getting sessions for user:email...
2025-06-28 18:01:17.104 [info] Got 1 sessions for user:email...
2025-06-28 18:02:19.108 [info] Getting sessions for all scopes...
2025-06-28 18:02:19.108 [info] Got 1 sessions for ...
2025-06-28 18:02:19.112 [info] Getting sessions for read:user,repo,user:email,workflow...
2025-06-28 18:02:19.112 [info] Got 0 sessions for read:user,repo,user:email,workflow...
2025-06-28 18:02:19.115 [info] Getting sessions for user:email...
2025-06-28 18:02:19.115 [info] Got 1 sessions for user:email...
2025-06-28 18:02:53.479 [info] Getting sessions for all scopes...
2025-06-28 18:02:53.479 [info] Got 1 sessions for ...
2025-06-28 18:02:53.481 [info] Getting sessions for read:user,repo,user:email,workflow...
2025-06-28 18:02:53.481 [info] Got 0 sessions for read:user,repo,user:email,workflow...
2025-06-28 18:02:53.484 [info] Getting sessions for user:email...
2025-06-28 18:02:53.484 [info] Got 1 sessions for user:email...
2025-06-28 18:03:37.942 [info] Getting sessions for all scopes...
2025-06-28 18:03:37.942 [info] Got 1 sessions for ...
2025-06-28 18:03:37.951 [info] Getting sessions for read:user,repo,user:email,workflow...
2025-06-28 18:03:37.952 [info] Got 0 sessions for read:user,repo,user:email,workflow...
2025-06-28 18:03:37.956 [info] Getting sessions for user:email...
2025-06-28 18:03:37.956 [info] Got 1 sessions for user:email...
2025-06-28 18:04:05.896 [info] Getting sessions for all scopes...
2025-06-28 18:04:05.896 [info] Got 1 sessions for ...
2025-06-28 18:04:05.899 [info] Getting sessions for read:user,repo,user:email,workflow...
2025-06-28 18:04:05.899 [info] Got 0 sessions for read:user,repo,user:email,workflow...
2025-06-28 18:04:05.903 [info] Getting sessions for user:email...
2025-06-28 18:04:05.903 [info] Got 1 sessions for user:email...
2025-06-28 18:04:31.891 [info] Getting sessions for all scopes...
2025-06-28 18:04:31.891 [info] Got 1 sessions for ...
2025-06-28 18:04:31.896 [info] Getting sessions for read:user,repo,user:email,workflow...
2025-06-28 18:04:31.896 [info] Got 0 sessions for read:user,repo,user:email,workflow...
2025-06-28 18:04:31.900 [info] Getting sessions for user:email...
2025-06-28 18:04:31.900 [info] Got 1 sessions for user:email...
2025-06-28 18:04:50.433 [info] Getting sessions for all scopes...
2025-06-28 18:04:50.433 [info] Got 1 sessions for ...
2025-06-28 18:04:50.480 [info] Getting sessions for read:user,repo,user:email,workflow...
2025-06-28 18:04:50.480 [info] Got 0 sessions for read:user,repo,user:email,workflow...
2025-06-28 18:04:50.540 [info] Getting sessions for user:email...
2025-06-28 18:04:50.540 [info] Got 1 sessions for user:email...
2025-06-28 18:04:51.489 [info] Getting sessions for all scopes...
2025-06-28 18:04:51.490 [info] Got 1 sessions for ...
2025-06-28 18:04:51.496 [info] Getting sessions for read:user,repo,user:email,workflow...
2025-06-28 18:04:51.496 [info] Got 0 sessions for read:user,repo,user:email,workflow...
2025-06-28 18:04:51.499 [info] Getting sessions for user:email...
2025-06-28 18:04:51.499 [info] Got 1 sessions for user:email...
2025-06-28 18:04:53.958 [info] Getting sessions for all scopes...
2025-06-28 18:04:53.958 [info] Got 1 sessions for ...
2025-06-28 18:04:53.999 [info] Getting sessions for read:user,repo,user:email,workflow...
2025-06-28 18:04:53.999 [info] Got 0 sessions for read:user,repo,user:email,workflow...
2025-06-28 18:04:54.008 [info] Getting sessions for user:email...
2025-06-28 18:04:54.008 [info] Got 1 sessions for user:email...
2025-06-28 18:04:57.998 [info] Getting sessions for all scopes...
2025-06-28 18:04:57.998 [info] Got 1 sessions for ...
2025-06-28 18:04:58.003 [info] Getting sessions for read:user,repo,user:email,workflow...
2025-06-28 18:04:58.003 [info] Got 0 sessions for read:user,repo,user:email,workflow...
2025-06-28 18:04:58.005 [info] Getting sessions for user:email...
2025-06-28 18:04:58.005 [info] Got 1 sessions for user:email...
2025-06-28 18:06:00.387 [info] Getting sessions for all scopes...
2025-06-28 18:06:00.387 [info] Got 1 sessions for ...
2025-06-28 18:06:00.392 [info] Getting sessions for read:user,repo,user:email,workflow...
2025-06-28 18:06:00.392 [info] Got 0 sessions for read:user,repo,user:email,workflow...
2025-06-28 18:06:00.399 [info] Getting sessions for user:email...
2025-06-28 18:06:00.399 [info] Got 1 sessions for user:email...
2025-06-28 18:06:09.656 [info] Getting sessions for all scopes...
2025-06-28 18:06:09.656 [info] Got 1 sessions for ...
2025-06-28 18:06:09.659 [info] Getting sessions for read:user,repo,user:email,workflow...
2025-06-28 18:06:09.660 [info] Got 0 sessions for read:user,repo,user:email,workflow...
2025-06-28 18:06:09.662 [info] Getting sessions for user:email...
2025-06-28 18:06:09.663 [info] Got 1 sessions for user:email...
