2025-06-28 18:20:43.779 [info] Reading sessions from keychain...
2025-06-28 18:20:43.779 [info] Getting sessions for all scopes...
2025-06-28 18:20:43.779 [info] Getting sessions for all scopes...
2025-06-28 18:20:43.779 [info] Getting sessions for all scopes...
2025-06-28 18:20:43.779 [info] Getting sessions for all scopes...
2025-06-28 18:20:43.779 [info] Getting sessions for all scopes...
2025-06-28 18:20:43.779 [info] Getting sessions for all scopes...
2025-06-28 18:20:43.779 [info] Getting sessions for all scopes...
2025-06-28 18:20:43.779 [info] Getting sessions for all scopes...
2025-06-28 18:20:43.779 [info] Getting sessions for all scopes...
2025-06-28 18:20:43.779 [info] Got stored sessions!
2025-06-28 18:20:43.779 [info] Got 1 verified sessions.
2025-06-28 18:20:43.779 [info] Got 1 sessions for ...
2025-06-28 18:20:43.779 [info] Got 1 sessions for ...
2025-06-28 18:20:43.780 [info] Got 1 sessions for ...
2025-06-28 18:20:43.780 [info] Got 1 sessions for ...
2025-06-28 18:20:43.780 [info] Got 1 sessions for ...
2025-06-28 18:20:43.780 [info] Got 1 sessions for ...
2025-06-28 18:20:43.780 [info] Got 1 sessions for ...
2025-06-28 18:20:43.780 [info] Got 1 sessions for ...
2025-06-28 18:20:43.780 [info] Got 1 sessions for ...
2025-06-28 18:20:43.780 [info] Getting sessions for all scopes...
2025-06-28 18:20:43.780 [info] Got 1 sessions for ...
2025-06-28 18:20:43.780 [info] Getting sessions for all scopes...
2025-06-28 18:20:43.780 [info] Got 1 sessions for ...
2025-06-28 18:20:43.780 [info] Getting sessions for all scopes...
2025-06-28 18:20:43.780 [info] Got 1 sessions for ...
2025-06-28 18:20:43.780 [info] Getting sessions for all scopes...
2025-06-28 18:20:43.780 [info] Got 1 sessions for ...
2025-06-28 18:20:43.780 [info] Getting sessions for all scopes...
2025-06-28 18:20:43.780 [info] Got 1 sessions for ...
2025-06-28 18:20:43.780 [info] Getting sessions for all scopes...
2025-06-28 18:20:43.780 [info] Got 1 sessions for ...
2025-06-28 18:20:43.780 [info] Getting sessions for all scopes...
2025-06-28 18:20:43.780 [info] Got 1 sessions for ...
2025-06-28 18:20:43.780 [info] Getting sessions for all scopes...
2025-06-28 18:20:43.780 [info] Got 1 sessions for ...
2025-06-28 18:20:43.965 [info] Getting sessions for read:user,repo,user:email,workflow...
2025-06-28 18:20:43.966 [info] Got 0 sessions for read:user,repo,user:email,workflow...
2025-06-28 18:20:44.529 [info] Getting sessions for user:email...
2025-06-28 18:20:44.529 [info] Got 1 sessions for user:email...
2025-06-28 18:20:44.533 [info] Getting sessions for read:user,repo,user:email,workflow...
2025-06-28 18:20:44.533 [info] Got 0 sessions for read:user,repo,user:email,workflow...
2025-06-28 18:20:45.356 [info] Getting sessions for all scopes...
2025-06-28 18:20:45.356 [info] Got 1 sessions for ...
2025-06-28 18:20:45.781 [info] Getting sessions for all scopes...
2025-06-28 18:20:45.781 [info] Got 1 sessions for ...
2025-06-28 18:20:45.818 [info] Getting sessions for all scopes...
2025-06-28 18:20:45.818 [info] Got 1 sessions for ...
2025-06-28 18:20:46.087 [info] Getting sessions for read:user,repo,user:email,workflow...
2025-06-28 18:20:46.087 [info] Got 0 sessions for read:user,repo,user:email,workflow...
2025-06-28 18:20:50.409 [info] Getting sessions for user:email...
2025-06-28 18:20:50.409 [info] Got 1 sessions for user:email...
2025-06-28 18:20:50.703 [info] Getting sessions for all scopes...
2025-06-28 18:20:50.703 [info] Got 1 sessions for ...
2025-06-28 18:20:51.077 [info] Getting sessions for all scopes...
2025-06-28 18:20:51.077 [info] Got 1 sessions for ...
2025-06-28 18:20:51.077 [info] Getting sessions for read:user,repo,user:email,workflow...
2025-06-28 18:20:51.077 [info] Got 0 sessions for read:user,repo,user:email,workflow...
2025-06-28 18:20:51.111 [info] Getting sessions for all scopes...
2025-06-28 18:20:51.111 [info] Got 1 sessions for ...
2025-06-28 18:20:51.313 [info] Getting sessions for read:user...
2025-06-28 18:20:51.313 [info] Got 0 sessions for read:user...
2025-06-28 18:20:51.333 [info] Getting sessions for read:user,repo,user:email,workflow...
2025-06-28 18:20:51.333 [info] Got 0 sessions for read:user,repo,user:email,workflow...
2025-06-28 18:20:52.172 [info] Getting sessions for user:email...
2025-06-28 18:20:52.173 [info] Got 1 sessions for user:email...
2025-06-28 18:20:52.201 [info] Getting sessions for user:email...
2025-06-28 18:20:52.201 [info] Got 1 sessions for user:email...
2025-06-28 18:20:53.266 [info] Getting sessions for all scopes...
2025-06-28 18:20:53.266 [info] Got 1 sessions for ...
2025-06-28 18:20:53.266 [info] Getting sessions for all scopes...
2025-06-28 18:20:53.266 [info] Got 1 sessions for ...
2025-06-28 18:20:53.295 [info] Getting sessions for read:user,repo,user:email,workflow...
2025-06-28 18:20:53.295 [info] Got 0 sessions for read:user,repo,user:email,workflow...
2025-06-28 18:20:53.297 [info] Getting sessions for user:email...
2025-06-28 18:20:53.297 [info] Got 1 sessions for user:email...
2025-06-28 18:20:53.298 [info] Getting sessions for read:user,repo,user:email,workflow...
2025-06-28 18:20:53.298 [info] Got 0 sessions for read:user,repo,user:email,workflow...
2025-06-28 18:20:53.302 [info] Getting sessions for all scopes...
2025-06-28 18:20:53.302 [info] Got 1 sessions for ...
2025-06-28 18:20:53.305 [info] Getting sessions for read:user,repo,user:email,workflow...
2025-06-28 18:20:53.305 [info] Got 0 sessions for read:user,repo,user:email,workflow...
2025-06-28 18:20:53.307 [info] Getting sessions for user:email...
2025-06-28 18:20:53.307 [info] Got 1 sessions for user:email...
2025-06-28 18:20:53.527 [info] Getting sessions for all scopes...
2025-06-28 18:20:53.527 [info] Got 1 sessions for ...
2025-06-28 18:20:53.529 [info] Getting sessions for all scopes...
2025-06-28 18:20:53.529 [info] Got 1 sessions for ...
2025-06-28 18:20:53.531 [info] Getting sessions for read:user,repo,user:email,workflow...
2025-06-28 18:20:53.531 [info] Got 0 sessions for read:user,repo,user:email,workflow...
2025-06-28 18:20:53.533 [info] Getting sessions for user:email...
2025-06-28 18:20:53.533 [info] Got 1 sessions for user:email...
2025-06-28 18:20:53.533 [info] Getting sessions for read:user,repo,user:email,workflow...
2025-06-28 18:20:53.533 [info] Got 0 sessions for read:user,repo,user:email,workflow...
2025-06-28 18:20:53.543 [info] Getting sessions for all scopes...
2025-06-28 18:20:53.543 [info] Got 1 sessions for ...
2025-06-28 18:20:53.548 [info] Getting sessions for all scopes...
2025-06-28 18:20:53.549 [info] Got 1 sessions for ...
2025-06-28 18:20:53.550 [info] Getting sessions for all scopes...
2025-06-28 18:20:53.550 [info] Got 1 sessions for ...
2025-06-28 18:20:53.705 [info] Getting sessions for read:user,repo,user:email,workflow...
2025-06-28 18:20:53.705 [info] Got 0 sessions for read:user,repo,user:email,workflow...
2025-06-28 18:20:53.710 [info] Getting sessions for user:email...
2025-06-28 18:20:53.710 [info] Got 1 sessions for user:email...
2025-06-28 18:20:55.297 [info] Getting sessions for all scopes...
2025-06-28 18:20:55.297 [info] Got 1 sessions for ...
2025-06-28 18:20:55.299 [info] Getting sessions for read:user,repo,user:email,workflow...
2025-06-28 18:20:55.299 [info] Got 0 sessions for read:user,repo,user:email,workflow...
2025-06-28 18:20:55.301 [info] Getting sessions for user:email...
2025-06-28 18:20:55.301 [info] Got 1 sessions for user:email...
2025-06-28 18:23:26.084 [info] Getting sessions for all scopes...
2025-06-28 18:23:26.084 [info] Got 1 sessions for ...
2025-06-28 18:23:26.087 [info] Getting sessions for read:user,repo,user:email,workflow...
2025-06-28 18:23:26.087 [info] Got 0 sessions for read:user,repo,user:email,workflow...
2025-06-28 18:23:26.092 [info] Getting sessions for user:email...
2025-06-28 18:23:26.092 [info] Got 1 sessions for user:email...
2025-06-28 18:23:30.315 [info] Getting sessions for all scopes...
2025-06-28 18:23:30.316 [info] Got 1 sessions for ...
2025-06-28 18:23:30.370 [info] Getting sessions for read:user,repo,user:email,workflow...
2025-06-28 18:23:30.370 [info] Got 0 sessions for read:user,repo,user:email,workflow...
2025-06-28 18:23:30.447 [info] Getting sessions for user:email...
2025-06-28 18:23:30.447 [info] Got 1 sessions for user:email...
2025-06-28 18:23:30.890 [info] Getting sessions for all scopes...
2025-06-28 18:23:30.890 [info] Got 1 sessions for ...
2025-06-28 18:23:30.894 [info] Getting sessions for read:user,repo,user:email,workflow...
2025-06-28 18:23:30.894 [info] Got 0 sessions for read:user,repo,user:email,workflow...
2025-06-28 18:23:30.896 [info] Getting sessions for user:email...
2025-06-28 18:23:30.896 [info] Got 1 sessions for user:email...
2025-06-28 18:23:34.507 [info] Getting sessions for all scopes...
2025-06-28 18:23:34.507 [info] Got 1 sessions for ...
2025-06-28 18:23:34.568 [info] Getting sessions for read:user,repo,user:email,workflow...
2025-06-28 18:23:34.568 [info] Got 0 sessions for read:user,repo,user:email,workflow...
2025-06-28 18:23:34.606 [info] Getting sessions for user:email...
2025-06-28 18:23:34.606 [info] Got 1 sessions for user:email...
2025-06-28 18:23:35.032 [info] Getting sessions for all scopes...
2025-06-28 18:23:35.033 [info] Got 1 sessions for ...
2025-06-28 18:23:35.035 [info] Getting sessions for read:user,repo,user:email,workflow...
2025-06-28 18:23:35.036 [info] Got 0 sessions for read:user,repo,user:email,workflow...
2025-06-28 18:23:35.038 [info] Getting sessions for user:email...
2025-06-28 18:23:35.038 [info] Got 1 sessions for user:email...
2025-06-28 18:23:37.694 [info] Getting sessions for all scopes...
2025-06-28 18:23:37.694 [info] Got 1 sessions for ...
2025-06-28 18:23:37.767 [info] Getting sessions for read:user,repo,user:email,workflow...
2025-06-28 18:23:37.767 [info] Got 0 sessions for read:user,repo,user:email,workflow...
2025-06-28 18:23:37.808 [info] Getting sessions for user:email...
2025-06-28 18:23:37.808 [info] Got 1 sessions for user:email...
2025-06-28 18:23:38.216 [info] Getting sessions for all scopes...
2025-06-28 18:23:38.216 [info] Got 1 sessions for ...
2025-06-28 18:23:38.219 [info] Getting sessions for read:user,repo,user:email,workflow...
2025-06-28 18:23:38.219 [info] Got 0 sessions for read:user,repo,user:email,workflow...
2025-06-28 18:23:38.223 [info] Getting sessions for user:email...
2025-06-28 18:23:38.223 [info] Got 1 sessions for user:email...
2025-06-28 18:23:45.693 [info] Getting sessions for all scopes...
2025-06-28 18:23:45.693 [info] Got 1 sessions for ...
2025-06-28 18:23:45.790 [info] Getting sessions for read:user,repo,user:email,workflow...
2025-06-28 18:23:45.790 [info] Got 0 sessions for read:user,repo,user:email,workflow...
2025-06-28 18:23:45.810 [info] Getting sessions for user:email...
2025-06-28 18:23:45.810 [info] Got 1 sessions for user:email...
2025-06-28 18:23:45.979 [info] Getting sessions for all scopes...
2025-06-28 18:23:45.979 [info] Got 1 sessions for ...
2025-06-28 18:23:46.021 [info] Getting sessions for read:user,repo,user:email,workflow...
2025-06-28 18:23:46.021 [info] Got 0 sessions for read:user,repo,user:email,workflow...
2025-06-28 18:23:46.026 [info] Getting sessions for user:email...
2025-06-28 18:23:46.026 [info] Got 1 sessions for user:email...
2025-06-28 18:23:50.290 [info] Getting sessions for all scopes...
2025-06-28 18:23:50.290 [info] Got 1 sessions for ...
2025-06-28 18:23:50.298 [info] Getting sessions for read:user,repo,user:email,workflow...
2025-06-28 18:23:50.298 [info] Got 0 sessions for read:user,repo,user:email,workflow...
2025-06-28 18:23:50.301 [info] Getting sessions for user:email...
2025-06-28 18:23:50.301 [info] Got 1 sessions for user:email...
2025-06-28 18:23:51.929 [info] Getting sessions for all scopes...
2025-06-28 18:23:51.929 [info] Got 1 sessions for ...
2025-06-28 18:23:51.932 [info] Getting sessions for read:user,repo,user:email,workflow...
2025-06-28 18:23:51.932 [info] Got 0 sessions for read:user,repo,user:email,workflow...
2025-06-28 18:23:51.935 [info] Getting sessions for user:email...
2025-06-28 18:23:51.935 [info] Got 1 sessions for user:email...
2025-06-28 18:23:56.409 [info] Getting sessions for all scopes...
2025-06-28 18:23:56.409 [info] Got 1 sessions for ...
2025-06-28 18:23:56.513 [info] Getting sessions for read:user,repo,user:email,workflow...
2025-06-28 18:23:56.514 [info] Got 0 sessions for read:user,repo,user:email,workflow...
2025-06-28 18:23:56.561 [info] Getting sessions for user:email...
2025-06-28 18:23:56.561 [info] Got 1 sessions for user:email...
2025-06-28 18:23:56.843 [info] Getting sessions for all scopes...
2025-06-28 18:23:56.843 [info] Got 1 sessions for ...
2025-06-28 18:23:56.857 [info] Getting sessions for read:user,repo,user:email,workflow...
2025-06-28 18:23:56.857 [info] Got 0 sessions for read:user,repo,user:email,workflow...
2025-06-28 18:23:56.860 [info] Getting sessions for user:email...
2025-06-28 18:23:56.860 [info] Got 1 sessions for user:email...
2025-06-28 18:23:59.429 [info] Getting sessions for all scopes...
2025-06-28 18:23:59.429 [info] Got 1 sessions for ...
2025-06-28 18:23:59.461 [info] Getting sessions for read:user,repo,user:email,workflow...
2025-06-28 18:23:59.461 [info] Got 0 sessions for read:user,repo,user:email,workflow...
2025-06-28 18:23:59.463 [info] Getting sessions for user:email...
2025-06-28 18:23:59.463 [info] Got 1 sessions for user:email...
2025-06-28 18:24:01.631 [info] Getting sessions for all scopes...
2025-06-28 18:24:01.631 [info] Got 1 sessions for ...
2025-06-28 18:24:01.634 [info] Getting sessions for read:user,repo,user:email,workflow...
2025-06-28 18:24:01.634 [info] Got 0 sessions for read:user,repo,user:email,workflow...
2025-06-28 18:24:01.636 [info] Getting sessions for user:email...
2025-06-28 18:24:01.637 [info] Got 1 sessions for user:email...
2025-06-28 18:24:04.242 [info] Getting sessions for all scopes...
2025-06-28 18:24:04.243 [info] Got 1 sessions for ...
2025-06-28 18:24:04.253 [info] Getting sessions for read:user,repo,user:email,workflow...
2025-06-28 18:24:04.253 [info] Got 0 sessions for read:user,repo,user:email,workflow...
2025-06-28 18:24:04.256 [info] Getting sessions for user:email...
2025-06-28 18:24:04.256 [info] Got 1 sessions for user:email...
