2025-06-28 16:59:50.439 [info] Reading sessions from keychain...
2025-06-28 16:59:50.439 [info] Getting sessions for all scopes...
2025-06-28 16:59:50.439 [info] Getting sessions for all scopes...
2025-06-28 16:59:50.439 [info] Getting sessions for all scopes...
2025-06-28 16:59:50.439 [info] Getting sessions for all scopes...
2025-06-28 16:59:50.439 [info] Getting sessions for all scopes...
2025-06-28 16:59:50.439 [info] Getting sessions for all scopes...
2025-06-28 16:59:50.439 [info] Getting sessions for all scopes...
2025-06-28 16:59:50.439 [info] Getting sessions for all scopes...
2025-06-28 16:59:50.439 [info] Getting sessions for all scopes...
2025-06-28 16:59:50.439 [info] Got stored sessions!
2025-06-28 16:59:50.439 [info] Got 1 verified sessions.
2025-06-28 16:59:50.439 [info] Got 1 sessions for ...
2025-06-28 16:59:50.439 [info] Got 1 sessions for ...
2025-06-28 16:59:50.439 [info] Got 1 sessions for ...
2025-06-28 16:59:50.439 [info] Got 1 sessions for ...
2025-06-28 16:59:50.439 [info] Got 1 sessions for ...
2025-06-28 16:59:50.439 [info] Got 1 sessions for ...
2025-06-28 16:59:50.439 [info] Got 1 sessions for ...
2025-06-28 16:59:50.439 [info] Got 1 sessions for ...
2025-06-28 16:59:50.439 [info] Got 1 sessions for ...
2025-06-28 16:59:50.439 [info] Getting sessions for all scopes...
2025-06-28 16:59:50.439 [info] Got 1 sessions for ...
2025-06-28 16:59:50.439 [info] Getting sessions for all scopes...
2025-06-28 16:59:50.439 [info] Got 1 sessions for ...
2025-06-28 16:59:50.439 [info] Getting sessions for all scopes...
2025-06-28 16:59:50.439 [info] Got 1 sessions for ...
2025-06-28 16:59:50.439 [info] Getting sessions for all scopes...
2025-06-28 16:59:50.439 [info] Got 1 sessions for ...
2025-06-28 16:59:50.439 [info] Getting sessions for all scopes...
2025-06-28 16:59:50.439 [info] Got 1 sessions for ...
2025-06-28 16:59:50.439 [info] Getting sessions for all scopes...
2025-06-28 16:59:50.439 [info] Got 1 sessions for ...
2025-06-28 16:59:50.439 [info] Getting sessions for all scopes...
2025-06-28 16:59:50.439 [info] Got 1 sessions for ...
2025-06-28 16:59:50.439 [info] Getting sessions for all scopes...
2025-06-28 16:59:50.439 [info] Got 1 sessions for ...
2025-06-28 16:59:50.439 [info] Getting sessions for all scopes...
2025-06-28 16:59:50.439 [info] Got 1 sessions for ...
2025-06-28 16:59:50.531 [info] Getting sessions for read:user,repo,user:email,workflow...
2025-06-28 16:59:50.532 [info] Got 0 sessions for read:user,repo,user:email,workflow...
2025-06-28 16:59:52.422 [info] Getting sessions for all scopes...
2025-06-28 16:59:52.422 [info] Got 1 sessions for ...
2025-06-28 16:59:53.057 [info] Getting sessions for user:email...
2025-06-28 16:59:53.058 [info] Got 1 sessions for user:email...
2025-06-28 16:59:53.059 [info] Getting sessions for read:user,repo,user:email,workflow...
2025-06-28 16:59:53.059 [info] Got 0 sessions for read:user,repo,user:email,workflow...
2025-06-28 16:59:53.566 [info] Getting sessions for all scopes...
2025-06-28 16:59:53.566 [info] Got 1 sessions for ...
2025-06-28 16:59:57.251 [info] Getting sessions for all scopes...
2025-06-28 16:59:57.251 [info] Got 1 sessions for ...
2025-06-28 16:59:57.921 [info] Getting sessions for read:user,repo,user:email,workflow...
2025-06-28 16:59:57.921 [info] Got 0 sessions for read:user,repo,user:email,workflow...
2025-06-28 16:59:57.950 [info] Getting sessions for all scopes...
2025-06-28 16:59:57.950 [info] Got 1 sessions for ...
2025-06-28 16:59:57.994 [info] Getting sessions for all scopes...
2025-06-28 16:59:57.994 [info] Got 1 sessions for ...
2025-06-28 16:59:58.376 [info] Getting sessions for read:user,repo,user:email,workflow...
2025-06-28 16:59:58.376 [info] Got 0 sessions for read:user,repo,user:email,workflow...
2025-06-28 16:59:58.446 [info] Getting sessions for user:email...
2025-06-28 16:59:58.446 [info] Got 1 sessions for user:email...
2025-06-28 16:59:58.506 [info] Getting sessions for read:user...
2025-06-28 16:59:58.507 [info] Got 0 sessions for read:user...
2025-06-28 16:59:59.171 [info] Getting sessions for user:email...
2025-06-28 16:59:59.171 [info] Got 1 sessions for user:email...
2025-06-28 16:59:59.915 [info] Getting sessions for all scopes...
2025-06-28 16:59:59.916 [info] Got 1 sessions for ...
2025-06-28 16:59:59.916 [info] Getting sessions for all scopes...
2025-06-28 16:59:59.916 [info] Got 1 sessions for ...
2025-06-28 16:59:59.960 [info] Getting sessions for read:user,repo,user:email,workflow...
2025-06-28 16:59:59.960 [info] Got 0 sessions for read:user,repo,user:email,workflow...
2025-06-28 16:59:59.963 [info] Getting sessions for user:email...
2025-06-28 16:59:59.963 [info] Got 1 sessions for user:email...
2025-06-28 16:59:59.964 [info] Getting sessions for read:user,repo,user:email,workflow...
2025-06-28 16:59:59.964 [info] Got 0 sessions for read:user,repo,user:email,workflow...
2025-06-28 16:59:59.969 [info] Getting sessions for all scopes...
2025-06-28 16:59:59.969 [info] Got 1 sessions for ...
2025-06-28 16:59:59.972 [info] Getting sessions for read:user,repo,user:email,workflow...
2025-06-28 16:59:59.972 [info] Got 0 sessions for read:user,repo,user:email,workflow...
2025-06-28 16:59:59.974 [info] Getting sessions for user:email...
2025-06-28 16:59:59.974 [info] Got 1 sessions for user:email...
2025-06-28 17:00:00.249 [info] Getting sessions for all scopes...
2025-06-28 17:00:00.249 [info] Got 1 sessions for ...
2025-06-28 17:00:00.250 [info] Getting sessions for all scopes...
2025-06-28 17:00:00.250 [info] Got 1 sessions for ...
2025-06-28 17:00:00.255 [info] Getting sessions for read:user,repo,user:email,workflow...
2025-06-28 17:00:00.255 [info] Got 0 sessions for read:user,repo,user:email,workflow...
2025-06-28 17:00:00.259 [info] Getting sessions for user:email...
2025-06-28 17:00:00.259 [info] Got 1 sessions for user:email...
2025-06-28 17:00:00.259 [info] Getting sessions for read:user,repo,user:email,workflow...
2025-06-28 17:00:00.259 [info] Got 0 sessions for read:user,repo,user:email,workflow...
2025-06-28 17:00:00.280 [info] Getting sessions for all scopes...
2025-06-28 17:00:00.280 [info] Got 1 sessions for ...
2025-06-28 17:00:00.284 [info] Getting sessions for all scopes...
2025-06-28 17:00:00.284 [info] Got 1 sessions for ...
2025-06-28 17:00:00.284 [info] Getting sessions for all scopes...
2025-06-28 17:00:00.284 [info] Got 1 sessions for ...
2025-06-28 17:00:00.289 [info] Getting sessions for read:user,repo,user:email,workflow...
2025-06-28 17:00:00.289 [info] Got 0 sessions for read:user,repo,user:email,workflow...
2025-06-28 17:00:00.292 [info] Getting sessions for user:email...
2025-06-28 17:00:00.292 [info] Got 1 sessions for user:email...
2025-06-28 17:00:02.530 [info] Getting sessions for all scopes...
2025-06-28 17:00:02.530 [info] Got 1 sessions for ...
2025-06-28 17:00:02.533 [info] Getting sessions for read:user,repo,user:email,workflow...
2025-06-28 17:00:02.533 [info] Got 0 sessions for read:user,repo,user:email,workflow...
2025-06-28 17:00:02.535 [info] Getting sessions for user:email...
2025-06-28 17:00:02.535 [info] Got 1 sessions for user:email...
