2025-06-28 17:40:55.333 [info] Reading sessions from keychain...
2025-06-28 17:40:55.333 [info] Getting sessions for all scopes...
2025-06-28 17:40:55.333 [info] Getting sessions for all scopes...
2025-06-28 17:40:55.333 [info] Getting sessions for all scopes...
2025-06-28 17:40:55.333 [info] Getting sessions for all scopes...
2025-06-28 17:40:55.333 [info] Getting sessions for all scopes...
2025-06-28 17:40:55.333 [info] Getting sessions for all scopes...
2025-06-28 17:40:55.333 [info] Getting sessions for all scopes...
2025-06-28 17:40:55.333 [info] Got stored sessions!
2025-06-28 17:40:55.333 [info] Got 1 verified sessions.
2025-06-28 17:40:55.333 [info] Got 1 sessions for ...
2025-06-28 17:40:55.333 [info] Got 1 sessions for ...
2025-06-28 17:40:55.333 [info] Got 1 sessions for ...
2025-06-28 17:40:55.333 [info] Got 1 sessions for ...
2025-06-28 17:40:55.333 [info] Got 1 sessions for ...
2025-06-28 17:40:55.333 [info] Got 1 sessions for ...
2025-06-28 17:40:55.333 [info] Got 1 sessions for ...
2025-06-28 17:40:55.521 [info] Getting sessions for all scopes...
2025-06-28 17:40:55.521 [info] Got 1 sessions for ...
2025-06-28 17:40:55.522 [info] Getting sessions for all scopes...
2025-06-28 17:40:55.523 [info] Got 1 sessions for ...
2025-06-28 17:40:55.523 [info] Getting sessions for all scopes...
2025-06-28 17:40:55.524 [info] Got 1 sessions for ...
2025-06-28 17:40:55.524 [info] Getting sessions for all scopes...
2025-06-28 17:40:55.525 [info] Got 1 sessions for ...
2025-06-28 17:40:55.526 [info] Getting sessions for all scopes...
2025-06-28 17:40:55.526 [info] Got 1 sessions for ...
2025-06-28 17:40:55.527 [info] Getting sessions for all scopes...
2025-06-28 17:40:55.527 [info] Got 1 sessions for ...
2025-06-28 17:40:56.376 [info] Getting sessions for all scopes...
2025-06-28 17:40:56.376 [info] Got 1 sessions for ...
2025-06-28 17:41:03.105 [info] Getting sessions for all scopes...
2025-06-28 17:41:03.105 [info] Got 1 sessions for ...
2025-06-28 17:41:03.171 [info] Getting sessions for all scopes...
2025-06-28 17:41:03.171 [info] Got 1 sessions for ...
2025-06-28 17:41:04.525 [info] Getting sessions for all scopes...
2025-06-28 17:41:04.525 [info] Got 1 sessions for ...
2025-06-28 17:41:04.526 [info] Getting sessions for all scopes...
2025-06-28 17:41:04.526 [info] Got 1 sessions for ...
2025-06-28 17:41:04.565 [info] Getting sessions for all scopes...
2025-06-28 17:41:04.565 [info] Got 1 sessions for ...
2025-06-28 17:41:05.487 [info] Getting sessions for all scopes...
2025-06-28 17:41:05.487 [info] Got 1 sessions for ...
2025-06-28 17:41:05.487 [info] Getting sessions for read:user,repo,user:email,workflow...
2025-06-28 17:41:05.488 [info] Got 0 sessions for read:user,repo,user:email,workflow...
2025-06-28 17:41:05.543 [info] Getting sessions for read:user,repo,user:email,workflow...
2025-06-28 17:41:05.543 [info] Got 0 sessions for read:user,repo,user:email,workflow...
2025-06-28 17:41:05.706 [info] Getting sessions for read:user...
2025-06-28 17:41:05.706 [info] Got 0 sessions for read:user...
2025-06-28 17:41:06.539 [info] Getting sessions for user:email...
2025-06-28 17:41:06.539 [info] Got 1 sessions for user:email...
2025-06-28 17:41:06.539 [info] Getting sessions for read:user,repo,user:email,workflow...
2025-06-28 17:41:06.539 [info] Got 0 sessions for read:user,repo,user:email,workflow...
2025-06-28 17:41:06.632 [info] Getting sessions for user:email...
2025-06-28 17:41:06.632 [info] Got 1 sessions for user:email...
2025-06-28 17:41:06.804 [info] Getting sessions for all scopes...
2025-06-28 17:41:06.804 [info] Got 1 sessions for ...
2025-06-28 17:41:06.805 [info] Getting sessions for all scopes...
2025-06-28 17:41:06.805 [info] Got 1 sessions for ...
2025-06-28 17:41:06.935 [info] Getting sessions for read:user,repo,user:email,workflow...
2025-06-28 17:41:06.935 [info] Got 0 sessions for read:user,repo,user:email,workflow...
2025-06-28 17:41:07.338 [info] Getting sessions for user:email...
2025-06-28 17:41:07.338 [info] Got 1 sessions for user:email...
2025-06-28 17:41:07.360 [info] Getting sessions for all scopes...
2025-06-28 17:41:07.361 [info] Got 1 sessions for ...
2025-06-28 17:41:07.363 [info] Getting sessions for read:user,repo,user:email,workflow...
2025-06-28 17:41:07.363 [info] Got 0 sessions for read:user,repo,user:email,workflow...
2025-06-28 17:41:07.365 [info] Getting sessions for user:email...
2025-06-28 17:41:07.365 [info] Got 1 sessions for user:email...
2025-06-28 17:42:07.356 [info] Getting sessions for all scopes...
2025-06-28 17:42:07.356 [info] Got 1 sessions for ...
2025-06-28 17:42:07.359 [info] Getting sessions for read:user,repo,user:email,workflow...
2025-06-28 17:42:07.359 [info] Got 0 sessions for read:user,repo,user:email,workflow...
2025-06-28 17:42:07.362 [info] Getting sessions for user:email...
2025-06-28 17:42:07.362 [info] Got 1 sessions for user:email...
2025-06-28 17:42:07.365 [info] Getting sessions for all scopes...
2025-06-28 17:42:07.365 [info] Got 1 sessions for ...
2025-06-28 17:42:07.367 [info] Getting sessions for read:user,repo,user:email,workflow...
2025-06-28 17:42:07.367 [info] Got 0 sessions for read:user,repo,user:email,workflow...
2025-06-28 17:42:07.369 [info] Getting sessions for user:email...
2025-06-28 17:42:07.370 [info] Got 1 sessions for user:email...
2025-06-28 17:43:07.381 [info] Getting sessions for all scopes...
2025-06-28 17:43:07.382 [info] Got 1 sessions for ...
2025-06-28 17:43:07.386 [info] Getting sessions for read:user,repo,user:email,workflow...
2025-06-28 17:43:07.386 [info] Got 0 sessions for read:user,repo,user:email,workflow...
2025-06-28 17:43:07.390 [info] Getting sessions for user:email...
2025-06-28 17:43:07.390 [info] Got 1 sessions for user:email...
2025-06-28 17:43:07.395 [info] Getting sessions for all scopes...
2025-06-28 17:43:07.395 [info] Got 1 sessions for ...
2025-06-28 17:43:07.399 [info] Getting sessions for read:user,repo,user:email,workflow...
2025-06-28 17:43:07.399 [info] Got 0 sessions for read:user,repo,user:email,workflow...
2025-06-28 17:43:07.403 [info] Getting sessions for user:email...
2025-06-28 17:43:07.403 [info] Got 1 sessions for user:email...
